This is pdfTeX, Version 3.1415926-2.5-1.40.14 (TeX Live 2013/MacPorts 2013_5) (format=pdflatex 2014.5.16)  10 JUN 2014 12:19
entering extended mode
 restricted \write18 enabled.
 %&-line parsing enabled.
**jose_webpages_commag_production.tex
(./jose_webpages_commag_production.tex
LaTeX2e <2011/06/27>
Babel <3.9f> and hyphenation patterns for 78 languages loaded.
(/opt/local/share/texmf-texlive/tex/latex/IEEEtran/IEEEtran.cls
Document Class: IEEEtran 2012/12/27 V1.8 by Michael Shell
-- See the "IEEEtran_HOWTO" manual for usage information.
-- http://www.michaelshell.org/tex/ieeetran/
\@IEEEtrantmpdimenA=\dimen102
\@IEEEtrantmpdimenB=\dimen103
\@IEEEtrantmpcountA=\count79
\@IEEEtrantmpcountB=\count80
\@IEEEtrantmptoksA=\toks14
LaTeX Font Info:    Try loading font information for OT1+ptm on input line 368.

(/opt/local/share/texmf-texlive/tex/latex/psnfss/ot1ptm.fd
File: ot1ptm.fd 2001/06/04 font definitions for OT1/ptm.
)
-- Using 8.5in x 11in (letter) paper.
-- Using PDF output.
\@IEEEnormalsizeunitybaselineskip=\dimen104
-- This is a 10 point document.
\CLASSINFOnormalsizebaselineskip=\dimen105
\CLASSINFOnormalsizeunitybaselineskip=\dimen106
\IEEEnormaljot=\dimen107
LaTeX Font Info:    Font shape `OT1/ptm/bx/n' in size <5> not available
(Font)              Font shape `OT1/ptm/b/n' tried instead on input line 726.
LaTeX Font Info:    Font shape `OT1/ptm/bx/it' in size <5> not available
(Font)              Font shape `OT1/ptm/b/it' tried instead on input line 726.
LaTeX Font Info:    Font shape `OT1/ptm/bx/n' in size <7> not available
(Font)              Font shape `OT1/ptm/b/n' tried instead on input line 726.
LaTeX Font Info:    Font shape `OT1/ptm/bx/it' in size <7> not available
(Font)              Font shape `OT1/ptm/b/it' tried instead on input line 726.
LaTeX Font Info:    Font shape `OT1/ptm/bx/n' in size <8> not available
(Font)              Font shape `OT1/ptm/b/n' tried instead on input line 726.
LaTeX Font Info:    Font shape `OT1/ptm/bx/it' in size <8> not available
(Font)              Font shape `OT1/ptm/b/it' tried instead on input line 726.
LaTeX Font Info:    Font shape `OT1/ptm/bx/n' in size <9> not available
(Font)              Font shape `OT1/ptm/b/n' tried instead on input line 726.
LaTeX Font Info:    Font shape `OT1/ptm/bx/it' in size <9> not available
(Font)              Font shape `OT1/ptm/b/it' tried instead on input line 726.
LaTeX Font Info:    Font shape `OT1/ptm/bx/n' in size <10> not available
(Font)              Font shape `OT1/ptm/b/n' tried instead on input line 726.
LaTeX Font Info:    Font shape `OT1/ptm/bx/it' in size <10> not available
(Font)              Font shape `OT1/ptm/b/it' tried instead on input line 726.
LaTeX Font Info:    Font shape `OT1/ptm/bx/n' in size <11> not available
(Font)              Font shape `OT1/ptm/b/n' tried instead on input line 726.
LaTeX Font Info:    Font shape `OT1/ptm/bx/it' in size <11> not available
(Font)              Font shape `OT1/ptm/b/it' tried instead on input line 726.
LaTeX Font Info:    Font shape `OT1/ptm/bx/n' in size <12> not available
(Font)              Font shape `OT1/ptm/b/n' tried instead on input line 726.
LaTeX Font Info:    Font shape `OT1/ptm/bx/it' in size <12> not available
(Font)              Font shape `OT1/ptm/b/it' tried instead on input line 726.
LaTeX Font Info:    Font shape `OT1/ptm/bx/n' in size <17> not available
(Font)              Font shape `OT1/ptm/b/n' tried instead on input line 726.
LaTeX Font Info:    Font shape `OT1/ptm/bx/it' in size <17> not available
(Font)              Font shape `OT1/ptm/b/it' tried instead on input line 726.
LaTeX Font Info:    Font shape `OT1/ptm/bx/n' in size <20> not available
(Font)              Font shape `OT1/ptm/b/n' tried instead on input line 726.
LaTeX Font Info:    Font shape `OT1/ptm/bx/it' in size <20> not available
(Font)              Font shape `OT1/ptm/b/it' tried instead on input line 726.
LaTeX Font Info:    Font shape `OT1/ptm/bx/n' in size <24> not available
(Font)              Font shape `OT1/ptm/b/n' tried instead on input line 726.
LaTeX Font Info:    Font shape `OT1/ptm/bx/it' in size <24> not available
(Font)              Font shape `OT1/ptm/b/it' tried instead on input line 726.
\IEEEilabelindentA=\dimen108
\IEEEilabelindentB=\dimen109
\IEEEilabelindent=\dimen110
\IEEEelabelindent=\dimen111
\IEEEdlabelindent=\dimen112
\IEEElabelindent=\dimen113
\IEEEiednormlabelsep=\dimen114
\IEEEiedmathlabelsep=\dimen115
\IEEEiedtopsep=\skip41
\c@section=\count81
\c@subsection=\count82
\c@subsubsection=\count83
\c@paragraph=\count84
\c@IEEEsubequation=\count85
\abovecaptionskip=\skip42
\belowcaptionskip=\skip43
\c@figure=\count86
\c@table=\count87
\@IEEEeqnnumcols=\count88
\@IEEEeqncolcnt=\count89
\@IEEEsubeqnnumrollback=\count90
\@IEEEtmpitemindent=\dimen116
\c@IEEEbiography=\count91
\@IEEEtranrubishbin=\box26
) (/opt/local/share/texmf-texlive/tex/latex/graphics/graphicx.sty
Package: graphicx 1999/02/16 v1.0f Enhanced LaTeX Graphics (DPC,SPQR)

(/opt/local/share/texmf-texlive/tex/latex/graphics/keyval.sty
Package: keyval 1999/03/16 v1.13 key=value parser (DPC)
\KV@toks@=\toks15
)
(/opt/local/share/texmf-texlive/tex/latex/graphics/graphics.sty
Package: graphics 2009/02/05 v1.0o Standard LaTeX Graphics (DPC,SPQR)

(/opt/local/share/texmf-texlive/tex/latex/graphics/trig.sty
Package: trig 1999/03/16 v1.09 sin cos tan (DPC)
)
(/opt/local/share/texmf-texlive/tex/latex/latexconfig/graphics.cfg
File: graphics.cfg 2010/04/23 v1.9 graphics configuration of TeX Live
)
Package graphics Info: Driver file: pdftex.def on input line 91.

(/opt/local/share/texmf-texlive/tex/latex/pdftex-def/pdftex.def
File: pdftex.def 2011/05/27 v0.06d Graphics/color for pdfTeX

(/opt/local/share/texmf-texlive/tex/generic/oberdiek/infwarerr.sty
Package: infwarerr 2010/04/08 v1.3 Providing info/warning/error messages (HO)
)
(/opt/local/share/texmf-texlive/tex/generic/oberdiek/ltxcmds.sty
Package: ltxcmds 2011/11/09 v1.22 LaTeX kernel commands for general use (HO)
)
\Gread@gobject=\count92
))
\Gin@req@height=\dimen117
\Gin@req@width=\dimen118
)
(/opt/local/share/texmf-texlive/tex/latex/subfig/subfig.sty
Package: subfig 2005/06/28 ver: 1.3 subfig package

(/opt/local/share/texmf-texlive/tex/latex/caption/caption3.sty
Package: caption3 2013/05/02 v1.6-88 caption3 kernel (AR)
Package caption3 Info: TeX engine: e-TeX on input line 57.
\captionmargin=\dimen119
\captionmargin@=\dimen120
\captionwidth=\dimen121
\caption@tempdima=\dimen122
\caption@indent=\dimen123
\caption@parindent=\dimen124
\caption@hangindent=\dimen125
Package caption Info: Unknown document class (or package),
(caption)             standard defaults will be used.
)
\c@KVtest=\count93
\sf@farskip=\skip44
\sf@captopadj=\dimen126
\sf@capskip=\skip45
\sf@nearskip=\skip46
\c@subfigure=\count94
\c@subfigure@save=\count95
\c@lofdepth=\count96
\c@subtable=\count97
\c@subtable@save=\count98
\c@lotdepth=\count99
\sf@top=\skip47
\sf@bottom=\skip48
)
(/opt/local/share/texmf-texlive/tex/latex/dblfloatfix/dblfloatfix.sty
Package: dblfloatfix 2012/12/31 v1.0a (JAW)

(/opt/local/share/texmf-texlive/tex/latex/base/fixltx2e.sty
Package: fixltx2e 2006/09/13 v1.1m fixes to LaTeX
LaTeX Info: Redefining \em on input line 420.
)
\@dblbotnum=\count100
\c@dblbotnumber=\count101
)
(/opt/local/share/texmf-texlive/tex/latex/url/url.sty
\Urlmuskip=\muskip10
Package: url 2006/04/12  ver 3.3  Verb mode for urls, etc.
)
(./jose_webpages_commag_production.aux)
\openout1 = `jose_webpages_commag_production.aux'.

LaTeX Font Info:    Checking defaults for OML/cmm/m/it on input line 30.
LaTeX Font Info:    ... okay on input line 30.
LaTeX Font Info:    Checking defaults for T1/cmr/m/n on input line 30.
LaTeX Font Info:    ... okay on input line 30.
LaTeX Font Info:    Checking defaults for OT1/cmr/m/n on input line 30.
LaTeX Font Info:    ... okay on input line 30.
LaTeX Font Info:    Checking defaults for OMS/cmsy/m/n on input line 30.
LaTeX Font Info:    ... okay on input line 30.
LaTeX Font Info:    Checking defaults for OMX/cmex/m/n on input line 30.
LaTeX Font Info:    ... okay on input line 30.
LaTeX Font Info:    Checking defaults for U/cmr/m/n on input line 30.
LaTeX Font Info:    ... okay on input line 30.

(/opt/local/share/texmf-texlive/tex/context/base/supp-pdf.mkii
[Loading MPS to PDF converter (version 2006.09.02).]
\scratchcounter=\count102
\scratchdimen=\dimen127
\scratchbox=\box27
\nofMPsegments=\count103
\nofMParguments=\count104
\everyMPshowfont=\toks16
\MPscratchCnt=\count105
\MPscratchDim=\dimen128
\MPnumerator=\count106
\makeMPintoPDFobject=\count107
\everyMPtoPDFconversion=\toks17
) (/opt/local/share/texmf-texlive/tex/generic/oberdiek/pdftexcmds.sty
Package: pdftexcmds 2011/11/29 v0.20 Utility functions of pdfTeX for LuaTeX (HO
)

(/opt/local/share/texmf-texlive/tex/generic/oberdiek/ifluatex.sty
Package: ifluatex 2010/03/01 v1.3 Provides the ifluatex switch (HO)
Package ifluatex Info: LuaTeX not detected.
)
(/opt/local/share/texmf-texlive/tex/generic/oberdiek/ifpdf.sty
Package: ifpdf 2011/01/30 v2.3 Provides the ifpdf switch (HO)
Package ifpdf Info: pdfTeX in PDF mode is detected.
)
Package pdftexcmds Info: LuaTeX not detected.
Package pdftexcmds Info: \pdf@primitive is available.
Package pdftexcmds Info: \pdf@ifprimitive is available.
Package pdftexcmds Info: \pdfdraftmode found.
)
(/opt/local/share/texmf-texlive/tex/latex/oberdiek/epstopdf-base.sty
Package: epstopdf-base 2010/02/09 v2.5 Base part for package epstopdf

(/opt/local/share/texmf-texlive/tex/latex/oberdiek/grfext.sty
Package: grfext 2010/08/19 v1.1 Manage graphics extensions (HO)

(/opt/local/share/texmf-texlive/tex/generic/oberdiek/kvdefinekeys.sty
Package: kvdefinekeys 2011/04/07 v1.3 Define keys (HO)
))
(/opt/local/share/texmf-texlive/tex/latex/oberdiek/kvoptions.sty
Package: kvoptions 2011/06/30 v3.11 Key value format for package options (HO)

(/opt/local/share/texmf-texlive/tex/generic/oberdiek/kvsetkeys.sty
Package: kvsetkeys 2012/04/25 v1.16 Key value parser (HO)

(/opt/local/share/texmf-texlive/tex/generic/oberdiek/etexcmds.sty
Package: etexcmds 2011/02/16 v1.5 Avoid name clashes with e-TeX commands (HO)
Package etexcmds Info: Could not find \expanded.
(etexcmds)             That can mean that you are not using pdfTeX 1.50 or
(etexcmds)             that some package has redefined \expanded.
(etexcmds)             In the latter case, load this package earlier.
)))
Package grfext Info: Graphics extension search list:
(grfext)             [.pdf,.jpeg,.png,.eps]
(grfext)             \AppendGraphicsExtensions on input line 452.

(/opt/local/share/texmf-texlive/tex/latex/latexconfig/epstopdf-sys.cfg
File: epstopdf-sys.cfg 2010/07/13 v1.3 Configuration of (r)epstopdf for TeX Liv
e
))
Package caption Info: Begin \AtBeginDocument code.
Package caption Info: subfig package v1.3 is loaded.
Package caption Info: End \AtBeginDocument code.
LaTeX Font Info:    Try loading font information for OT1+pcr on input line 31.

(/opt/local/share/texmf-texlive/tex/latex/psnfss/ot1pcr.fd
File: ot1pcr.fd 2001/06/04 font definitions for OT1/pcr.
)
Underfull \hbox (badness 2142) in paragraph at lines 31--31
[][][]\OT1/ptm/m/n/8 T. John-son and P. Seel-ing are with the Dept. of Com-pute
r Sci-
 []

LaTeX Font Info:    Try loading font information for OMS+ptm on input line 31.
(/opt/local/share/texmf-texlive/tex/latex/psnfss/omsptm.fd
File: omsptm.fd 
)
LaTeX Font Info:    Font shape `OMS/ptm/m/n' in size <8> not available
(Font)              Font shape `OMS/cmsy/m/n' tried instead on input line 31.
LaTeX Font Info:    External font `cmex10' loaded for size
(Font)              <7> on input line 43.
LaTeX Font Info:    External font `cmex10' loaded for size
(Font)              <5> on input line 43.
 [1{/Users/pseeling/.texlive2013/texmf-var/fonts/map/pdftex/updmap/pdftex.map}


]

pdfTeX warning: /opt/local/bin/pdflatex (file ./figures/setup.pdf): PDF inclusi
on: found PDF version <1.6>, but at most version <1.5> allowed
<./figures/setup.pdf, id=12, 365.19937pt x 102.13156pt>
File: ./figures/setup.pdf Graphic file (type pdf)

<use ./figures/setup.pdf>
Package pdftex.def Info: ./figures/setup.pdf used on input line 91.
(pdftex.def)             Requested size: 232.19843pt x 64.93697pt.

<./figures/theil_reqs.pdf, id=13, 716.34337pt x 510.20523pt>
File: ./figures/theil_reqs.pdf Graphic file (type pdf)

<use ./figures/theil_reqs.pdf>
Package pdftex.def Info: ./figures/theil_reqs.pdf used on input line 123.
(pdftex.def)             Requested size: 232.19843pt x 165.37877pt.

<./figures/theil_bytes.pdf, id=14, 714.03476pt x 510.20523pt>
File: ./figures/theil_bytes.pdf Graphic file (type pdf)

<use ./figures/theil_bytes.pdf>
Package pdftex.def Info: ./figures/theil_bytes.pdf used on input line 124.
(pdftex.def)             Requested size: 232.19843pt x 165.90816pt.
 [2 <./figures/setup.pdf>]
<./figures/totalRequests_all.pdf, id=37, 716.34337pt x 491.83661pt>
File: ./figures/totalRequests_all.pdf Graphic file (type pdf)

<use ./figures/totalRequests_all.pdf>
Package pdftex.def Info: ./figures/totalRequests_all.pdf used on input line 145
.
(pdftex.def)             Requested size: 232.19843pt x 159.42473pt.

<./figures/req_by_type_fixed_all.pdf, id=38, 715.2392pt x 510.20523pt>
File: ./figures/req_by_type_fixed_all.pdf Graphic file (type pdf)

<use ./figures/req_by_type_fixed_all.pdf>
Package pdftex.def Info: ./figures/req_by_type_fixed_all.pdf used on input line
 146.
(pdftex.def)             Requested size: 232.19843pt x 165.63567pt.

<./figures/req_by_type_mobile_all.pdf, id=39, 715.2392pt x 510.20523pt>
File: ./figures/req_by_type_mobile_all.pdf Graphic file (type pdf)

<use ./figures/req_by_type_mobile_all.pdf>
Package pdftex.def Info: ./figures/req_by_type_mobile_all.pdf used on input lin
e 147.
(pdftex.def)             Requested size: 232.19843pt x 165.63567pt.
 [3 <./figures/theil_reqs.pdf, page is rotated 90 degrees> <./figures/theil_byt
es.pdf, page is rotated 90 degrees> <./figures/totalRequests_all.pdf, page is r
otated 90 degrees> <./figures/req_by_type_fixed_all.pdf, page is rotated 90 deg
rees> <./figures/req_by_type_mobile_all.pdf, page is rotated 90 degrees>]
<./figures/bytes_total_all.pdf, id=78, 717.54788pt x 510.20523pt>
File: ./figures/bytes_total_all.pdf Graphic file (type pdf)

<use ./figures/bytes_total_all.pdf>
Package pdftex.def Info: ./figures/bytes_total_all.pdf used on input line 177.
(pdftex.def)             Requested size: 232.19843pt x 165.0985pt.

<./figures/bytes_by_type_fixed_all.pdf, id=79, 717.54788pt x 510.20523pt>
File: ./figures/bytes_by_type_fixed_all.pdf Graphic file (type pdf)

<use ./figures/bytes_by_type_fixed_all.pdf>
Package pdftex.def Info: ./figures/bytes_by_type_fixed_all.pdf used on input li
ne 178.
(pdftex.def)             Requested size: 232.19843pt x 165.0985pt.

<./figures/bytes_by_type_fixed.pdf, id=80, 716.34337pt x 510.20523pt>
File: ./figures/bytes_by_type_fixed.pdf Graphic file (type pdf)

<use ./figures/bytes_by_type_fixed.pdf>
Package pdftex.def Info: ./figures/bytes_by_type_fixed.pdf used on input line 1
79.
(pdftex.def)             Requested size: 232.19843pt x 165.37877pt.

<./figures/bytes_by_type_mobile_all.pdf, id=81, 716.34337pt x 510.20523pt>
File: ./figures/bytes_by_type_mobile_all.pdf Graphic file (type pdf)

<use ./figures/bytes_by_type_mobile_all.pdf>
Package pdftex.def Info: ./figures/bytes_by_type_mobile_all.pdf used on input l
ine 180.
(pdftex.def)             Requested size: 232.19843pt x 165.37877pt.
 [4]

LaTeX Warning: No positions in optional float specifier.
               Default added (so using `tbp') on input line 213.

<./figures/bpr_all.pdf, id=85, 715.2392pt x 510.20523pt>
File: ./figures/bpr_all.pdf Graphic file (type pdf)

<use ./figures/bpr_all.pdf>
Package pdftex.def Info: ./figures/bpr_all.pdf used on input line 215.
(pdftex.def)             Requested size: 232.19843pt x 165.63567pt.

<./figures/bpr_by_type_fixed_all.pdf, id=86, 715.2392pt x 510.20523pt>
File: ./figures/bpr_by_type_fixed_all.pdf Graphic file (type pdf)

<use ./figures/bpr_by_type_fixed_all.pdf>
Package pdftex.def Info: ./figures/bpr_by_type_fixed_all.pdf used on input line
 216.
(pdftex.def)             Requested size: 232.19843pt x 165.63567pt.

<./figures/bpr_by_type_mobile_all.pdf, id=87, 715.2392pt x 510.20523pt>
File: ./figures/bpr_by_type_mobile_all.pdf Graphic file (type pdf)

<use ./figures/bpr_by_type_mobile_all.pdf>
Package pdftex.def Info: ./figures/bpr_by_type_mobile_all.pdf used on input lin
e 217.
(pdftex.def)             Requested size: 232.19843pt x 165.63567pt.

Underfull \vbox (badness 10000) has occurred while \output is active []

 [5 <./figures/bytes_total_all.pdf, page is rotated 90 degrees> <./figures/byte
s_by_type_fixed_all.pdf, page is rotated 90 degrees> <./figures/bytes_by_type_f
ixed.pdf, page is rotated 90 degrees> <./figures/bytes_by_type_mobile_all.pdf, 
page is rotated 90 degrees>]
<./figures/cache_fix_all.pdf, id=119, 715.2392pt x 510.20523pt>
File: ./figures/cache_fix_all.pdf Graphic file (type pdf)

<use ./figures/cache_fix_all.pdf>
Package pdftex.def Info: ./figures/cache_fix_all.pdf used on input line 248.
(pdftex.def)             Requested size: 232.19843pt x 165.63567pt.

<./figures/cache_mob_all.pdf, id=120, 715.2392pt x 491.83661pt>
File: ./figures/cache_mob_all.pdf Graphic file (type pdf)

<use ./figures/cache_mob_all.pdf>
Package pdftex.def Info: ./figures/cache_mob_all.pdf used on input line 249.
(pdftex.def)             Requested size: 232.19843pt x 159.6724pt.
 [6 <./figures/bpr_all.pdf, page is rotated 90 degrees> <./figures/bpr_by_type_
fixed_all.pdf, page is rotated 90 degrees> <./figures/bpr_by_type_mobile_all.pd
f, page is rotated 90 degrees>] [7 <./figures/cache_fix_all.pdf, page is rotate
d 90 degrees> <./figures/cache_mob_all.pdf, page is rotated 90 degrees>]
LaTeX Font Info:    External font `cmex10' loaded for size
(Font)              <8> on input line 342.
LaTeX Font Info:    External font `cmex10' loaded for size
(Font)              <6> on input line 342.
Missing character: There is no â in font ptmr7t!
Missing character: There is no € in font ptmr7t!
Missing character: There is no “ in font ptmr7t!

<./figures/Troy_Johnson.jpg, id=163, 175.65625pt x 218.8175pt>
File: ./figures/Troy_Johnson.jpg Graphic file (type jpg)

<use ./figures/Troy_Johnson.jpg>
Package pdftex.def Info: ./figures/Troy_Johnson.jpg used on input line 422.
(pdftex.def)             Requested size: 72.27147pt x 90.0296pt.
File: ./figures/Troy_Johnson.jpg Graphic file (type jpg)
 <use ./figures/Troy_Johnson.jpg>
Package pdftex.def Info: ./figures/Troy_Johnson.jpg used on input line 422.
(pdftex.def)             Requested size: 72.27147pt x 90.0296pt.

<./figures/Patrick_Seeling.jpg, id=166, 361.35pt x 486.81876pt>
File: ./figures/Patrick_Seeling.jpg Graphic file (type jpg)

<use ./figures/Patrick_Seeling.jpg>
Package pdftex.def Info: ./figures/Patrick_Seeling.jpg used on input line 426.
(pdftex.def)             Requested size: 67.0527pt x 90.3349pt.
File: ./figures/Patrick_Seeling.jpg Graphic file (type jpg)
 <use ./figures/Patrick_Seeling.jpg>
Package pdftex.def Info: ./figures/Patrick_Seeling.jpg used on input line 426.
(pdftex.def)             Requested size: 67.0527pt x 90.3349pt.

[8 <./figures/Troy_Johnson.jpg> <./figures/Patrick_Seeling.jpg>]
(./jose_webpages_commag_production.aux) ) 
Here is how much of TeX's memory you used:
 3195 strings out of 493315
 53949 string characters out of 6139670
 119088 words of memory out of 5000000
 6602 multiletter control sequences out of 15000+600000
 38666 words of font info for 73 fonts, out of 8000000 for 9000
 957 hyphenation exceptions out of 8191
 38i,10n,47p,519b,333s stack positions out of 5000i,500n,10000p,200000b,80000s
{/opt/local/share/texmf-texlive/fonts/
enc/dvips/base/8r.enc}</opt/local/share/texmf-texlive/fonts/type1/public/amsfon
ts/cm/cmmi10.pfb></opt/local/share/texmf-texlive/fonts/type1/public/amsfonts/cm
/cmsy8.pfb></opt/local/share/texmf-texlive/fonts/type1/urw/courier/ucrr8a.pfb><
/opt/local/share/texmf-texlive/fonts/type1/urw/times/utmb8a.pfb></opt/local/sha
re/texmf-texlive/fonts/type1/urw/times/utmbi8a.pfb></opt/local/share/texmf-texl
ive/fonts/type1/urw/times/utmr8a.pfb></opt/local/share/texmf-texlive/fonts/type
1/urw/times/utmri8a.pfb>
Output written on jose_webpages_commag_production.pdf (8 pages, 861033 bytes).
PDF statistics:
 200 PDF objects out of 1000 (max. 8388607)
 127 compressed objects within 2 object streams
 0 named destinations out of 1000 (max. 500000)
 110 words of extra memory for PDF output out of 10000 (max. 10000000)

