\BOOKMARK [0][-]{section*.1}{LIST OF FIGURES}{}% 1
\BOOKMARK [0][-]{chapter.1}{INTRODUCTION}{}% 2
\BOOKMARK [1][-]{section*.2}{HTTP Archive}{chapter.1}% 3
\BOOKMARK [0][-]{chapter.2}{An Inexpensive Testbed for Mobile Device Power Measurement}{}% 4
\BOOKMARK [1][-]{section*.3}{Introduction}{chapter.2}% 5
\BOOKMARK [1][-]{section*.3}{Hardware Configuration}{chapter.2}% 6
\BOOKMARK [1][-]{section*.4}{Software Configuration}{chapter.2}% 7
\BOOKMARK [1][-]{figure.caption.5}{Demonstration Description}{chapter.2}% 8
\BOOKMARK [0][-]{chapter.3}{Power Consumption Overhead for Proxy Services on Mobile Device Platforms}{}% 9
\BOOKMARK [1][-]{section*.8}{Introduction}{chapter.3}% 10
\BOOKMARK [1][-]{section*.9}{Methodology and Metrics}{chapter.3}% 11
\BOOKMARK [2][-]{section*.10}{Measurement Setup}{section*.9}% 12
\BOOKMARK [2][-]{section*.11}{Mobile SOCKSv5 Proxy Server}{section*.9}% 13
\BOOKMARK [2][-]{section*.12}{Performance Metrics}{section*.9}% 14
\BOOKMARK [1][-]{figure.caption.14}{Performance Evaluation For Web Requests}{chapter.3}% 15
\BOOKMARK [2][-]{section*.15}{Fixed Network}{figure.caption.14}% 16
\BOOKMARK [2][-]{table.caption.19}{Wireless Network}{figure.caption.14}% 17
\BOOKMARK [1][-]{section*.20}{Impact of Web Request Variations}{chapter.3}% 18
\BOOKMARK [2][-]{section*.21}{Power Consumption}{section*.20}% 19
\BOOKMARK [1][-]{figure.caption.24}{Delay Difference}{chapter.3}% 20
\BOOKMARK [1][-]{figure.caption.26}{Media Streaming}{chapter.3}% 21
\BOOKMARK [1][-]{figure.caption.28}{Fixed Network}{chapter.3}% 22
\BOOKMARK [1][-]{figure.caption.30}{Wireless Network}{chapter.3}% 23
\BOOKMARK [1][-]{section*.31}{Conclusions and Future Work}{chapter.3}% 24
\BOOKMARK [0][-]{chapter.4}{Web Cache Object Forwarding From Desktop to Mobile for Energy Consumption Optimizations}{}% 25
\BOOKMARK [1][-]{section*.33}{Introduction}{chapter.4}% 26
\BOOKMARK [1][-]{section*.36}{Introduction}{chapter.4}% 27
\BOOKMARK [2][-]{section*.38}{Data Description}{section*.36}% 28
\BOOKMARK [2][-]{section*.40}{Evaluation of Local Cache Forwarding}{section*.36}% 29
\BOOKMARK [1][-]{section*.43}{Large Dataset Performance Evaluation}{chapter.4}% 30
\BOOKMARK [2][-]{section*.44}{Dataset Description}{section*.43}% 31
\BOOKMARK [2][-]{section*.47}{Simulation Model Description}{section*.43}% 32
\BOOKMARK [1][-]{section*.48}{Performance Evaluation Results}{chapter.4}% 33
\BOOKMARK [1][-]{section*.52}{Conclusions}{chapter.4}% 34
\BOOKMARK [0][-]{chapter.5}{Desktop and Mobile Web Page Comparison: Characteristics, Trends, and Implications}{}% 35
\BOOKMARK [1][-]{section*.53}{Desktop and Mobile Web Page Comparison: Characteristics, Trends, and Implications}{chapter.5}% 36
\BOOKMARK [1][-]{section.5.1}{Introduction}{chapter.5}% 37
\BOOKMARK [1][-]{section.5.2}{Data Set and Pre-Processing}{chapter.5}% 38
\BOOKMARK [2][-]{section*.55}{General Notes}{section.5.2}% 39
\BOOKMARK [2][-]{section*.56}{Web Page Selection and Processing}{section.5.2}% 40
\BOOKMARK [2][-]{section*.57}{Time Variability of the Dataset}{section.5.2}% 41
\BOOKMARK [1][-]{section.5.3}{Comparison of Desktop and Mobile Web Page Characteristics}{chapter.5}% 42
\BOOKMARK [2][-]{section*.59}{Average Number of Web Site Objects}{section.5.3}% 43
\BOOKMARK [2][-]{section*.61}{Average Web Page Sizes}{section.5.3}% 44
\BOOKMARK [2][-]{section*.63}{Data per Web Page Object}{section.5.3}% 45
\BOOKMARK [2][-]{section*.65}{Caching of Web Page Objects}{section.5.3}% 46
\BOOKMARK [1][-]{section.5.4}{Implications}{chapter.5}% 47
\BOOKMARK [1][-]{section.5.5}{Conclusion}{chapter.5}% 48
\BOOKMARK [0][-]{chapter.6}{CONCLUSION}{}% 49
\BOOKMARK [1][-]{section*.67}{Future Work}{chapter.6}% 50
\BOOKMARK [0][-]{chapter*.68}{REFERENCES}{}% 51
