This is pdfTeX, Version 3.1415926-2.5-1.40.14 (MiKTeX 2.9 64-bit) (preloaded format=pdflatex 2014.3.2)  7 JAN 2015 15:13
entering extended mode
**main.tex
(C:\Users\johns4ta\Desktop\Thesis\main.tex
LaTeX2e <2011/06/27>
Babel <v3.8m> and hyphenation patterns for english, afrikaans, ancientgreek, ar
abic, armenian, assamese, basque, bengali, bokmal, bulgarian, catalan, coptic, 
croatian, czech, danish, dutch, esperanto, estonian, farsi, finnish, french, ga
lician, german, german-x-2013-05-26, greek, gujarati, hindi, hungarian, iceland
ic, indonesian, interlingua, irish, italian, kannada, kurmanji, latin, latvian,
 lithuanian, malayalam, marathi, mongolian, mongolianlmc, monogreek, ngerman, n
german-x-2013-05-26, nynorsk, oriya, panjabi, pinyin, polish, portuguese, roman
ian, russian, sanskrit, serbian, slovak, slovenian, spanish, swedish, swissgerm
an, tamil, telugu, turkish, turkmen, ukenglish, ukrainian, uppersorbian, usengl
ishmax, welsh, loaded.
(C:\Users\johns4ta\AppData\Roaming\MiKTeX\2.9\tex\latex\memoir\memoir.cls
Document Class: memoir 2013/05/30 v3.7b configurable book, report, article docu
ment class
\onelineskip=\skip41
\lxvchars=\skip42
\xlvchars=\skip43
\@memcnta=\count79
\c@@memmarkcntra=\count80
\l@nohyphenation=\language69
("C:\Program Files\MiKTeX 2.9\tex\generic\oberdiek\ifpdf.sty"
Package: ifpdf 2011/01/30 v2.3 Provides the ifpdf switch (HO)
Package ifpdf Info: pdfTeX in PDF mode is detected.
)
(C:\Users\johns4ta\AppData\Roaming\MiKTeX\2.9\tex\latex\ifetex\ifetex.sty
Package: ifetex 2011/12/15 v1.2 ifetex

(C:\Users\johns4ta\AppData\Roaming\MiKTeX\2.9\tex\plain\ifetex\ifetex.tex))
("C:\Program Files\MiKTeX 2.9\tex\generic\ifxetex\ifxetex.sty"
Package: ifxetex 2010/09/12 v0.6 Provides ifxetex conditional
)
("C:\Program Files\MiKTeX 2.9\tex\generic\oberdiek\ifluatex.sty"
Package: ifluatex 2010/03/01 v1.3 Provides the ifluatex switch (HO)
Package ifluatex Info: LuaTeX not detected.
)
\stockheight=\skip44
\stockwidth=\skip45
\trimtop=\skip46
\trimedge=\skip47

("C:\Program Files\MiKTeX 2.9\tex\latex\misc\etex.sty"
Package: etex 1998/03/26 v2.0 eTeX basic definition package (PEB)
\et@xins=\count81
)
(C:\Users\johns4ta\AppData\Roaming\MiKTeX\2.9\tex\latex\memoir\mem12.clo
File: mem12.clo 2010/10/19 v0.4b memoir class 12pt size option
)
\binding=\skip48
\spinemargin=\skip49
\foremargin=\skip50
\uppermargin=\skip51
\lowermargin=\skip52
\headdrop=\skip53
\normalrulethickness=\skip54
\mem@maxheadheight=\skip55
\mem@maxfootheight=\skip56
\headwidth=\skip57
\c@storedpagenumber=\count82
\memPD=\dimen102
\m@mabparskip=\skip58
\thanksmarkwidth=\skip59
\thanksmarksep=\skip60
\droptitle=\skip61
\c@book=\count83
\c@part=\count84
\c@chapter=\count85
\c@section=\count86
\c@subsection=\count87
\c@subsubsection=\count88
\c@paragraph=\count89
\c@subparagraph=\count90
\beforechapskip=\skip62
\midchapskip=\skip63
\afterchapskip=\skip64
\chapindent=\skip65
\bottomsectionskip=\skip66
\secindent=\skip67
\beforesecskip=\skip68
\aftersecskip=\skip69
\subsecindent=\skip70
\beforesubsecskip=\skip71
\aftersubsecskip=\skip72
\subsubsecindent=\skip73
\beforesubsubsecskip=\skip74
\aftersubsubsecskip=\skip75
\paraindent=\skip76
\beforeparaskip=\skip77
\afterparaskip=\skip78
\subparaindent=\skip79
\beforesubparaskip=\skip80
\aftersubparaskip=\skip81
\pfbreakskip=\skip82
\c@@ppsavesec=\count91
\c@@ppsaveapp=\count92
\ragrparindent=\dimen103
\everylistparindent=\dimen104
\parsepi=\skip83
\topsepi=\skip84
\itemsepi=\skip85
\parsepii=\skip86
\topsepii=\skip87
\topsepiii=\skip88
\itemsepii=\skip89
\itemsepiii=\skip90
\partopsepii=\skip91
\partopsepiii=\skip92
\m@msavetopsep=\skip93
\m@msavepartopsep=\skip94
\@enLab=\toks14
\abstitleskip=\skip95
\absleftindent=\skip96
\abs@leftindent=\dimen105
\absrightindent=\skip97
\absparindent=\skip98
\absparsep=\skip99
\c@vslineno=\count93
\c@poemline=\count94
\c@modulo@vs=\count95
\c@memfvsline=\count96
\vleftskip=\skip100
\vrightskip=\skip101
\stanzaskip=\skip102
\versewidth=\skip103
\vgap=\skip104
\vindent=\skip105
\vleftmargin=\dimen106
\c@verse=\count97
\c@chrsinstr=\count98
\beforepoemtitleskip=\skip106
\afterpoemtitleskip=\skip107
\c@poem=\count99
\beforePoemTitleskip=\skip108
\midPoemTitleskip=\skip109
\afterPoemTitleskip=\skip110
\col@sep=\dimen107
\extrarowheight=\dimen108
\NC@list=\toks15
\extratabsurround=\skip111
\backup@length=\skip112
\TX@col@width=\dimen109
\TX@old@table=\dimen110
\TX@old@col=\dimen111
\TX@target=\dimen112
\TX@delta=\dimen113
\TX@cols=\count100
\TX@ftn=\toks16
\heavyrulewidth=\dimen114
\lightrulewidth=\dimen115
\cmidrulewidth=\dimen116
\belowrulesep=\dimen117
\belowbottomsep=\dimen118
\aboverulesep=\dimen119
\abovetopsep=\dimen120
\cmidrulesep=\dimen121
\cmidrulekern=\dimen122
\defaultaddspace=\dimen123
\@cmidla=\count101
\@cmidlb=\count102
\@aboverulesep=\dimen124
\@belowrulesep=\dimen125
\@thisruleclass=\count103
\@lastruleclass=\count104
\@thisrulewidth=\dimen126
\ctableftskip=\skip113
\ctabrightskip=\skip114
\abovecolumnspenalty=\count105
\@linestogo=\count106
\@cellstogo=\count107
\@cellsincolumn=\count108
\crtok=\toks17
\@mincolumnwidth=\dimen127
\c@newflo@tctr=\count109
\mem@margin@floatbox=\box26
\@contcwidth=\skip115
\@contindw=\skip116
\abovecaptionskip=\skip117
\belowcaptionskip=\skip118
\subfloattopskip=\skip119
\subfloatcapskip=\skip120
\subfloatcaptopadj=\skip121
\subfloatbottomskip=\skip122
\subfloatlabelskip=\skip123
\subfloatcapmargin=\dimen128
\c@@contsubnum=\count110
\m@mscap@capbox=\box27
\m@mscap@fbox=\box28
\sidecapsep=\dimen129
\sidecapwidth=\dimen130
\m@m@tempdima=\dimen131
\m@mscapraise=\dimen132
\sidecapraise=\dimen133
\m@mscapmainwidth=\dimen134
\m@mscaplkern=\dimen135
\beforeepigraphskip=\skip124
\afterepigraphskip=\skip125
\epigraphwidth=\skip126
\epigraphrule=\skip127
LaTeX Info: Redefining \em on input line 7492.
LaTeX Info: Redefining \emph on input line 7500.
\tocentryskip=\skip128
\tocbaseline=\skip129
\cftparskip=\skip130
\cftbeforebookskip=\skip131
\cftbookindent=\dimen136
\cftbooknumwidth=\dimen137
\cftbeforepartskip=\skip132
\cftpartindent=\skip133
\cftpartnumwidth=\skip134
\cftbeforechapterskip=\skip135
\cftchapterindent=\skip136
\cftchapternumwidth=\skip137
\cftbeforesectionskip=\skip138
\cftsectionindent=\skip139
\cftsectionnumwidth=\skip140
\cftbeforesubsectionskip=\skip141
\cftsubsectionindent=\skip142
\cftsubsectionnumwidth=\skip143
\cftbeforesubsubsectionskip=\skip144
\cftsubsubsectionindent=\skip145
\cftsubsubsectionnumwidth=\skip146
\cftbeforeparagraphskip=\skip147
\cftparagraphindent=\skip148
\cftparagraphnumwidth=\skip149
\cftbeforesubparagraphskip=\skip150
\cftsubparagraphindent=\skip151
\cftsubparagraphnumwidth=\skip152
\prechapterprecisshift=\dimen138
\c@maxsecnumdepth=\count111
\bibindent=\dimen139
\bibitemsep=\skip153
\indexcolsep=\skip154
\indexrule=\skip155
\indexmarkstyle=\toks18
\@indexbox=\insert233
\glossarycolsep=\dimen140
\glossaryrule=\dimen141
\sideparvshift=\skip156
\sideins=\insert232
\sidebartopsep=\skip157
\sidebarhsep=\skip158
\sidebarvsep=\skip159
\sidebarwidth=\skip160
\footmarkwidth=\skip161
\footmarksep=\skip162
\footparindent=\skip163
\footinsdim=\skip164
\footinsv@r=\insert231
\@mpfootinsv@r=\insert230
\m@m@k=\count112
\m@m@h=\dimen142
\m@mipn@skip=\skip165
\sidefootins=\insert229
\sidefootadjust=\skip166
\sidefootheight=\skip167
\sidefoothsep=\skip168
\sidefootvsep=\skip169
\sidefootwidth=\skip170
\m@mdownsf=\skip171
\c@sidefootnote=\count113
\sidefootmarkwidth=\skip172
\sidefootmarksep=\skip173
\sidefootparindent=\skip174
\c@pagenote=\count114
\c@pagenoteshadow=\count115
\mem@pn@lastkern=\skip175
\every@verbatim=\toks19
\afterevery@verbatim=\toks20
\verbatim@line=\toks21
\tab@position=\count116
\verbatim@in@stream=\read1
\verbatimindent=\skip176
\verbatim@out=\write3
\bvboxsep=\skip177
\c@memfbvline=\count117
\c@bvlinectr=\count118
\bvnumlength=\skip178
\fb@frw=\dimen143
\fb@frh=\dimen144
\FrameRule=\dimen145
\FrameSep=\dimen146
\c@cp@cntr=\count119
LaTeX Info: Redefining \: on input line 11958.
LaTeX Info: Redefining \! on input line 11960.
\c@ism@mctr=\count120
\c@xsm@mctr=\count121
\c@csm@mctr=\count122
\c@ksm@mctr=\count123
\c@xksm@mctr=\count124
\c@cksm@mctr=\count125
\c@msm@mctr=\count126
\c@xmsm@mctr=\count127
\c@cmsm@mctr=\count128
\c@bsm@mctr=\count129
\c@workm@mctr=\count130
\c@sheetsequence=\count131
\c@lastsheet=\count132
\c@lastpage=\count133
\c@figure=\count134
\c@lofdepth=\count135
\cftbeforefigureskip=\skip179
\cftfigureindent=\skip180
\cftfigurenumwidth=\skip181
\c@table=\count136
\c@lotdepth=\count137
\cftbeforetableskip=\skip182
\cfttableindent=\skip183
\cfttablenumwidth=\skip184
Package abstract [2008/07/23] emulated by memoir.
Package appendix [2008/07/23] emulated by memoir.
Package array [2008/09/09] emulated by memoir.
Package booktabs [2008/07/23] emulated by memoir.
Package ccaption [2008/07/23] emulated by memoir.
Package changepage [2008/07/23] emulated by memoir.
Package chngcntr [2008/07/23] emulated by memoir.
Package chngpage [2008/07/23] emulated by memoir.
Package crop emulated by memoir.
Package dcolumn [2008/07/23] emulated by memoir.
Package delarray [2008/07/23] emulated by memoir.
Package enumerate [2008/07/23] emulated by memoir.
Package epigraph [2008/07/23] emulated by memoir.
Package ifmtarg [2008/07/23] emulated by memoir.
Package index [2008/07/23] emulated by memoir.
Package makeidx [2008/07/23] emulated by memoir.
Package moreverb [2008/07/23] emulated by memoir.
Package mparhack [2008/07/23] emulated by memoir.
Package needspace [2008/07/23] emulated by memoir.
Package newfile [2008/07/23] emulated by memoir.
Package nextpage [2008/07/23] emulated by memoir.
Package pagenote [2008/07/23] emulated by memoir.
Package parskip [2008/07/23] emulated by memoir.
Package patchcmd [2008/07/23] emulated by memoir.
Package setspace [2008/07/23] emulated by memoir.
Package shortvrb [2008/07/23] emulated by memoir.
Package showidx [2008/07/23] emulated by memoir.
Package tabularx [2008/07/23] emulated by memoir.
Package titleref [2008/07/23] emulated by memoir.
Package titling [2008/07/23] emulated by memoir.
Package tocbibind [2008/07/23] emulated by memoir.
Package tocloft [2008/07/23] emulated by memoir.
Package tocvsec2 [2008/07/23] emulated by memoir.
Package verbatim [2008/07/23] emulated by memoir.
Package verse [2008/07/23] emulated by memoir.

(C:\Users\johns4ta\AppData\Roaming\MiKTeX\2.9\tex\latex\memoir\mempatch.sty
Package: mempatch 2009/07/24 v6.0f Patches for memoir class v1.6180339
))

Class memoir Warning: You are using the caption package with the memoir class. 
To prepare we will now reset all captioning macros and configurations to kernel
 defaults, and then let the caption package take over. Please remember to use t
he caption package interfaces in order to configure your captions. .

(C:\Users\johns4ta\AppData\Roaming\MiKTeX\2.9\tex\latex\caption\caption.sty
Package: caption 2013/05/02 v3.3-89 Customizing captions (AR)

(C:\Users\johns4ta\AppData\Roaming\MiKTeX\2.9\tex\latex\caption\caption3.sty
Package: caption3 2013/05/02 v1.6-88 caption3 kernel (AR)
Package caption3 Info: TeX engine: e-TeX on input line 57.

("C:\Program Files\MiKTeX 2.9\tex\latex\graphics\keyval.sty"
Package: keyval 1999/03/16 v1.13 key=value parser (DPC)
\KV@toks@=\toks22
)
\captionmargin=\dimen147
\captionmargin@=\dimen148
\captionwidth=\dimen149
\caption@tempdima=\dimen150
\caption@indent=\dimen151
\caption@parindent=\dimen152
\caption@hangindent=\dimen153
)
\c@ContinuedFloat=\count138
)
("C:\Program Files\MiKTeX 2.9\tex\latex\base\fontenc.sty"
Package: fontenc 2005/09/27 v1.99g Standard LaTeX package

("C:\Program Files\MiKTeX 2.9\tex\latex\base\t1enc.def"
File: t1enc.def 2005/09/27 v1.99g Standard LaTeX file
LaTeX Font Info:    Redeclaring font encoding T1 on input line 43.
))
("C:\Program Files\MiKTeX 2.9\tex\latex\psnfss\times.sty"
Package: times 2005/04/12 PSNFSS-v9.2a (SPQR) 
)
("C:\Program Files\MiKTeX 2.9\tex\latex\tools\indentfirst.sty"
Package: indentfirst 1995/11/23 v1.03 Indent first paragraph (DPC)
)
(C:\Users\johns4ta\Desktop\Thesis\thesis.sty
Package: thesis 2010/11/05 v0.1 CMU Thesis

(C:\Users\johns4ta\AppData\Roaming\MiKTeX\2.9\tex\latex\url\url.sty
\Urlmuskip=\muskip10
Package: url 2013/09/16  ver 3.4  Verb mode for urls, etc.
)
LaTeX Font Info:    Try loading font information for T1+ptm on input line 16.

("C:\Program Files\MiKTeX 2.9\tex\latex\psnfss\t1ptm.fd"
File: t1ptm.fd 2001/06/04 font definitions for T1/ptm.
)
\linespace=\skip185
\toptafiddle=\skip186
\bottafiddle=\skip187
\topfiddle=\skip188
\botfiddle=\skip189


******************************************************
Stock height and width: 794.96999pt by 614.295pt
Top and edge trims: 0pt and 0pt
Page height and width: 794.96999pt by 614.295pt
Text height and width: 693.5pt by 487pt
Spine and edge margins: 63.23624pt and 63.23624pt
Upper and lower margins: 54.2025pt and 47.26749pt
Headheight and headsep: 14.5pt and 19.8738pt
Footskip: 30pt
Columnsep and columnseprule: 10pt and 0pt
Marginparsep and marginparwidth: 7pt and 49.23624pt
Sidecapsep and sidecapwidth: 7pt and 50pt
Sidebarhsep and sidebarwidth: 7pt and 50pt
Sidebarvsep and sidebartopsep: 14.5pt and 0pt
Sidebarheight: 546.64995pt
Sidefoothsep and sidefootwidth: 7pt and 50pt
Sidefootvsep and sidefootheight: 14.5pt and 546.64995pt
******************************************************

) (C:\Users\johns4ta\Desktop\Thesis\frontmattercontents.sty
Package: frontmattercontents 2014/20/05 v0.1 CMU Thesis
)
(C:\Users\johns4ta\AppData\Roaming\MiKTeX\2.9\tex\latex\listings\listings.sty
\lst@mode=\count139
\lst@gtempboxa=\box29
\lst@token=\toks23
\lst@length=\count140
\lst@currlwidth=\dimen154
\lst@column=\count141
\lst@pos=\count142
\lst@lostspace=\dimen155
\lst@width=\dimen156
\lst@newlines=\count143
\lst@lineno=\count144
\lst@maxwidth=\dimen157

(C:\Users\johns4ta\AppData\Roaming\MiKTeX\2.9\tex\latex\listings\lstmisc.sty
File: lstmisc.sty 2014/09/06 1.5e (Carsten Heinz)
\c@lstnumber=\count145
\lst@skipnumbers=\count146
\lst@framebox=\box30
)
(C:\Users\johns4ta\AppData\Roaming\MiKTeX\2.9\tex\latex\listings\listings.cfg
File: listings.cfg 2014/09/06 1.5e listings configuration
))
Package: listings 2014/09/06 1.5e (Carsten Heinz)
("C:\Program Files\MiKTeX 2.9\tex\latex\graphics\graphicx.sty"
Package: graphicx 1999/02/16 v1.0f Enhanced LaTeX Graphics (DPC,SPQR)

("C:\Program Files\MiKTeX 2.9\tex\latex\graphics\graphics.sty"
Package: graphics 2009/02/05 v1.0o Standard LaTeX Graphics (DPC,SPQR)

("C:\Program Files\MiKTeX 2.9\tex\latex\graphics\trig.sty"
Package: trig 1999/03/16 v1.09 sin cos tan (DPC)
)
("C:\Program Files\MiKTeX 2.9\tex\latex\00miktex\graphics.cfg"
File: graphics.cfg 2007/01/18 v1.5 graphics configuration of teTeX/TeXLive
)
Package graphics Info: Driver file: pdftex.def on input line 91.

("C:\Program Files\MiKTeX 2.9\tex\latex\pdftex-def\pdftex.def"
File: pdftex.def 2011/05/27 v0.06d Graphics/color for pdfTeX

("C:\Program Files\MiKTeX 2.9\tex\generic\oberdiek\infwarerr.sty"
Package: infwarerr 2010/04/08 v1.3 Providing info/warning/error messages (HO)
)
("C:\Program Files\MiKTeX 2.9\tex\generic\oberdiek\ltxcmds.sty"
Package: ltxcmds 2011/11/09 v1.22 LaTeX kernel commands for general use (HO)
)
\Gread@gobject=\count147
))
\Gin@req@height=\dimen158
\Gin@req@width=\dimen159
)
("C:\Program Files\MiKTeX 2.9\tex\latex\hyperref\hyperref.sty"
Package: hyperref 2012/11/06 v6.83m Hypertext links for LaTeX

("C:\Program Files\MiKTeX 2.9\tex\generic\oberdiek\hobsub-hyperref.sty"
Package: hobsub-hyperref 2012/04/25 v1.12 Bundle oberdiek, subset hyperref (HO)


("C:\Program Files\MiKTeX 2.9\tex\generic\oberdiek\hobsub-generic.sty"
Package: hobsub-generic 2012/04/25 v1.12 Bundle oberdiek, subset generic (HO)
Package: hobsub 2012/04/25 v1.12 Construct package bundles (HO)
Package hobsub Info: Skipping package `infwarerr' (already loaded).
Package hobsub Info: Skipping package `ltxcmds' (already loaded).
Package hobsub Info: Skipping package `ifluatex' (already loaded).
Package: ifvtex 2010/03/01 v1.5 Detect VTeX and its facilities (HO)
Package ifvtex Info: VTeX not detected.
Package: intcalc 2007/09/27 v1.1 Expandable calculations with integers (HO)
Package hobsub Info: Skipping package `ifpdf' (already loaded).
Package: etexcmds 2011/02/16 v1.5 Avoid name clashes with e-TeX commands (HO)
Package etexcmds Info: Could not find \expanded.
(etexcmds)             That can mean that you are not using pdfTeX 1.50 or
(etexcmds)             that some package has redefined \expanded.
(etexcmds)             In the latter case, load this package earlier.
Package: kvsetkeys 2012/04/25 v1.16 Key value parser (HO)
Package: kvdefinekeys 2011/04/07 v1.3 Define keys (HO)
Package: pdftexcmds 2011/11/29 v0.20 Utility functions of pdfTeX for LuaTeX (HO
)
Package pdftexcmds Info: LuaTeX not detected.
Package pdftexcmds Info: \pdf@primitive is available.
Package pdftexcmds Info: \pdf@ifprimitive is available.
Package pdftexcmds Info: \pdfdraftmode found.
Package: pdfescape 2011/11/25 v1.13 Implements pdfTeX's escape features (HO)
Package: bigintcalc 2012/04/08 v1.3 Expandable calculations on big integers (HO
)
Package: bitset 2011/01/30 v1.1 Handle bit-vector datatype (HO)
Package: uniquecounter 2011/01/30 v1.2 Provide unlimited unique counter (HO)
)
Package hobsub Info: Skipping package `hobsub' (already loaded).
Package: letltxmacro 2010/09/02 v1.4 Let assignment for LaTeX macros (HO)
Package: hopatch 2011/06/24 v1.1 Wrapper for package hooks (HO)
Package: xcolor-patch 2011/01/30 xcolor patch
Package: atveryend 2011/06/30 v1.8 Hooks at the very end of document (HO)
Package atveryend Info: \enddocument detected (standard20110627).
Package: atbegshi 2011/10/05 v1.16 At begin shipout hook (HO)
Package: refcount 2011/10/16 v3.4 Data extraction from label references (HO)
Package: hycolor 2011/01/30 v1.7 Color options for hyperref/bookmark (HO)
)
("C:\Program Files\MiKTeX 2.9\tex\latex\oberdiek\auxhook.sty"
Package: auxhook 2011/03/04 v1.3 Hooks for auxiliary files (HO)
)
("C:\Program Files\MiKTeX 2.9\tex\latex\oberdiek\kvoptions.sty"
Package: kvoptions 2011/06/30 v3.11 Key value format for package options (HO)
)
\@linkdim=\dimen160
\Hy@linkcounter=\count148
\Hy@pagecounter=\count149

("C:\Program Files\MiKTeX 2.9\tex\latex\hyperref\pd1enc.def"
File: pd1enc.def 2012/11/06 v6.83m Hyperref: PDFDocEncoding definition (HO)
)
\Hy@SavedSpaceFactor=\count150

("C:\Program Files\MiKTeX 2.9\tex\latex\00miktex\hyperref.cfg"
File: hyperref.cfg 2002/06/06 v1.2 hyperref configuration of TeXLive
)
Package hyperref Info: Hyper figures OFF on input line 4443.
Package hyperref Info: Link nesting OFF on input line 4448.
Package hyperref Info: Hyper index ON on input line 4451.
Package hyperref Info: Plain pages OFF on input line 4458.
Package hyperref Info: Backreferencing OFF on input line 4463.
Package hyperref Info: Implicit mode ON; LaTeX internals redefined.
Package hyperref Info: Bookmarks ON on input line 4688.
\c@Hy@tempcnt=\count151
LaTeX Info: Redefining \url on input line 5041.
\XeTeXLinkMargin=\dimen161
\Fld@menulength=\count152
\Field@Width=\dimen162
\Fld@charsize=\dimen163
Package hyperref Info: Hyper figures OFF on input line 6295.
Package hyperref Info: Link nesting OFF on input line 6300.
Package hyperref Info: Hyper index ON on input line 6303.
Package hyperref Info: backreferencing OFF on input line 6310.
Package hyperref Info: Link coloring OFF on input line 6315.
Package hyperref Info: Link coloring with OCG OFF on input line 6320.
Package hyperref Info: PDF/A mode OFF on input line 6325.
LaTeX Info: Redefining \ref on input line 6365.
LaTeX Info: Redefining \pageref on input line 6369.
\Hy@abspage=\count153
\c@Item=\count154
\c@Hfootnote=\count155
)
(C:\Users\johns4ta\AppData\Roaming\MiKTeX\2.9\tex\latex\memoir\memhfixc.sty
Package: memhfixc 2013/05/30 v1.17 nameref/hyperref package fixes for memoir cl
ass
\c@memhycontfloat=\count156
\c@Hpagenote=\count157
)

Package hyperref Message: Driver (autodetected): hpdftex.

("C:\Program Files\MiKTeX 2.9\tex\latex\hyperref\hpdftex.def"
File: hpdftex.def 2012/11/06 v6.83m Hyperref driver for pdfTeX
\Fld@listcount=\count158
\c@bookmark@seq@number=\count159

("C:\Program Files\MiKTeX 2.9\tex\latex\oberdiek\rerunfilecheck.sty"
Package: rerunfilecheck 2011/04/15 v1.7 Rerun checks for auxiliary files (HO)
Package uniquecounter Info: New unique counter `rerunfilecheck' on input line 2
82.
)
\Hy@SectionHShift=\skip190
)
(C:\Users\johns4ta\AppData\Roaming\MiKTeX\2.9\tex\latex\layouts\layouts.sty
Package: layouts 2009/09/02 v2.6d graphical depiction of document elements
\l@ylen=\skip191
\layoutsbox=\box31
\l@youtunitlength=\skip192
\l@youtlinethick=\skip193
\l@youtlinethickii=\skip194
\l@ysetupparskip=\skip195
\l@ysetupbaselineskip=\skip196
\l@yonem=\skip197
\l@yonex=\skip198
\l@ylmarg=\skip199
\l@yrmarg=\skip200
\l@yitmindent=\skip201
\l@ylblwidth=\skip202
\l@ylblsep=\skip203
\l@ylparindent=\skip204
\l@ytsep=\skip205
\l@ypskip=\skip206
\l@yptsep=\skip207
\l@ypsep=\skip208
\l@yitmsep=\skip209
\l@ytok=\toks24
\l@youtpw=\count160
\l@youtph=\count161
\l@youthpi=\count162
\l@youthpii=\count163
\l@youthpiii=\count164
\l@youthpiv=\count165
\l@youthpv=\count166
\l@youthpvi=\count167
\l@youthpvii=\count168
\l@youtparskip=\count169
\l@youtvpi=\count170
\l@youtvpii=\count171
\l@youtvpiii=\count172
\l@youtvpiv=\count173
\l@youtvpv=\count174
\l@youtvpvi=\count175
\l@youtvpvii=\count176
\l@youthdo=\count177
\l@youthdi=\count178
\l@youthdii=\count179
\l@youthdiii=\count180
\l@youthdiv=\count181
\l@youthdv=\count182
\l@youthdvi=\count183
\l@youthdvii=\count184
\l@youtvdo=\count185
\l@youtvdi=\count186
\l@youtvdii=\count187
\l@youtvdiii=\count188
\l@youtvdiv=\count189
\l@youtvdv=\count190
\l@youtvdvi=\count191
\l@youtvdvii=\count192
\l@youtvdviii=\count193
\l@youtxci=\count194
\l@youtxcii=\count195
\l@youtxciii=\count196
\l@youtxciv=\count197
\l@youtxcv=\count198
\l@youtxcvi=\count199
\l@youtyci=\count200
\l@youtycii=\count201
\l@youtyciii=\count202
\l@youtyciv=\count203
\l@youtycv=\count204
\l@youtycvi=\count205
\l@youtycvii=\count206
\l@youtycviii=\count207
\l@youtxco=\count208
\l@youtyco=\count209
\l@ytempdima=\skip210
)
(C:\Users\johns4ta\AppData\Roaming\MiKTeX\2.9\tex\latex\listings\lstlang1.sty
File: lstlang1.sty 2014/09/06 1.5e listings language file
)

******************************************************
Stock height and width: 794.96999pt by 614.295pt
Top and edge trims: 0pt and 0pt
Page height and width: 794.96999pt by 614.295pt
Text height and width: 693.5pt by 487pt
Spine and edge margins: 63.23624pt and 63.23624pt
Upper and lower margins: 54.2025pt and 47.26749pt
Headheight and headsep: 14.5pt and 19.8738pt
Footskip: 30pt
Columnsep and columnseprule: 10pt and 0pt
Marginparsep and marginparwidth: 7pt and 49.23624pt
Sidecapsep and sidecapwidth: 7pt and 50pt
Sidebarhsep and sidebarwidth: 7pt and 50pt
Sidebarvsep and sidebartopsep: 14.5pt and 0pt
Sidebarheight: 546.64995pt
Sidefoothsep and sidefootwidth: 7pt and 50pt
Sidefootvsep and sidefootheight: 14.5pt and 546.64995pt
******************************************************

(C:\Users\johns4ta\Desktop\Thesis\main.aux)
LaTeX Font Info:    Checking defaults for OML/cmm/m/it on input line 42.
LaTeX Font Info:    ... okay on input line 42.
LaTeX Font Info:    Checking defaults for T1/cmr/m/n on input line 42.
LaTeX Font Info:    ... okay on input line 42.
LaTeX Font Info:    Checking defaults for OT1/cmr/m/n on input line 42.
LaTeX Font Info:    ... okay on input line 42.
LaTeX Font Info:    Checking defaults for OMS/cmsy/m/n on input line 42.
LaTeX Font Info:    ... okay on input line 42.
LaTeX Font Info:    Checking defaults for OMX/cmex/m/n on input line 42.
LaTeX Font Info:    ... okay on input line 42.
LaTeX Font Info:    Checking defaults for U/cmr/m/n on input line 42.
LaTeX Font Info:    ... okay on input line 42.
LaTeX Font Info:    Checking defaults for PD1/pdf/m/n on input line 42.
LaTeX Font Info:    ... okay on input line 42.
Package caption Info: Begin \AtBeginDocument code.
Package caption Info: hyperref package is loaded.
Package caption Info: listings package is loaded.
Package caption Info: End \AtBeginDocument code.
Package caption Info: We need package `ragged2e' on input line 42.

(C:\Users\johns4ta\AppData\Roaming\MiKTeX\2.9\tex\latex\ms\ragged2e.sty
Package: ragged2e 2009/05/21 v2.1 ragged2e Package (MS)

(C:\Users\johns4ta\AppData\Roaming\MiKTeX\2.9\tex\latex\ms\everysel.sty
Package: everysel 2011/10/28 v1.2 EverySelectfont Package (MS)

ABD: EverySelectfont initializing macros
LaTeX Info: Redefining \selectfont on input line 126.
)
\CenteringLeftskip=\skip211
\RaggedLeftLeftskip=\skip212
\RaggedRightLeftskip=\skip213
\CenteringRightskip=\skip214
\RaggedLeftRightskip=\skip215
\RaggedRightRightskip=\skip216
\CenteringParfillskip=\skip217
\RaggedLeftParfillskip=\skip218
\RaggedRightParfillskip=\skip219
\JustifyingParfillskip=\skip220
\CenteringParindent=\skip221
\RaggedLeftParindent=\skip222
\RaggedRightParindent=\skip223
\JustifyingParindent=\skip224
)
\c@lstlisting=\count210

(C:\Users\johns4ta\AppData\Roaming\MiKTeX\2.9\tex\context\base\supp-pdf.mkii
[Loading MPS to PDF converter (version 2006.09.02).]
\scratchcounter=\count211
\scratchdimen=\dimen164
\scratchbox=\box32
\nofMPsegments=\count212
\nofMParguments=\count213
\everyMPshowfont=\toks25
\MPscratchCnt=\count214
\MPscratchDim=\dimen165
\MPnumerator=\count215
\makeMPintoPDFobject=\count216
\everyMPtoPDFconversion=\toks26
)
\AtBeginShipoutBox=\box33
Package hyperref Info: Link coloring OFF on input line 42.
 ("C:\Program Files\MiKTeX 2.9\tex\latex\hyperref\nameref.sty"
Package: nameref 2012/10/27 v2.43 Cross-referencing by name of section

("C:\Program Files\MiKTeX 2.9\tex\generic\oberdiek\gettitlestring.sty"
Package: gettitlestring 2010/12/03 v1.4 Cleanup title references (HO)
)
\c@section@level=\count217
)
Redoing nameref's sectioning
Redoing nameref's label
LaTeX Info: Redefining \nameref on input line 42.
LaTeX Info: Redefining \ref on input line 42.
LaTeX Info: Redefining \pageref on input line 42.
LaTeX Info: Redefining \nameref on input line 42.
(C:\Users\johns4ta\Desktop\Thesis\main.out)
(C:\Users\johns4ta\Desktop\Thesis\main.out)
\@outlinefile=\write4


Package layouts Warning: Layout scale set to 0.5 on input line 42.

[1



{C:/Users/johns4ta/AppData/Local/MiKTeX/2.9/pdftex/config/pdftex.map}]
[2



] [3



] (C:\Users\johns4ta\Desktop\Thesis\main.toc
LaTeX Font Info:    External font `cmex10' loaded for size
(Font)              <12> on input line 2.
LaTeX Font Info:    External font `cmex10' loaded for size
(Font)              <8> on input line 2.
LaTeX Font Info:    External font `cmex10' loaded for size
(Font)              <6> on input line 2.
 [4



]) [5]
(C:\Users\johns4ta\Desktop\Thesis\main.lof [6


]) [7]

******************************************************
Stock height and width: 794.96999pt by 614.295pt
Top and edge trims: 0pt and 0pt
Page height and width: 794.96999pt by 614.295pt
Text height and width: 650pt by 487pt
Spine and edge margins: 63.23624pt and 63.23624pt
Upper and lower margins: 54.2025pt and 90.76749pt
Headheight and headsep: 14.5pt and 19.8738pt
Footskip: 30pt
Columnsep and columnseprule: 10pt and 0pt
Marginparsep and marginparwidth: 7pt and 49.23624pt
Sidecapsep and sidecapwidth: 7pt and 50pt
Sidebarhsep and sidebarwidth: 7pt and 50pt
Sidebarvsep and sidebartopsep: 14.5pt and 0pt
Sidebarheight: 546.64995pt
Sidefoothsep and sidefootwidth: 7pt and 50pt
Sidefootvsep and sidefootheight: 14.5pt and 546.64995pt
******************************************************

(C:\Users\johns4ta\Desktop\Thesis\content/Chapter1_Intro.tex

Package hyperref Warning: Difference (2) between bookmark levels is greater 
(hyperref)                than one, level fixed on input line 3.

) (C:\Users\johns4ta\Desktop\Thesis\content/Chapter2_Testbed.tex [1



] [2

]
<./images/testbed_setup.png, id=291, 395.91391pt x 320.96382pt>
File: ./images/testbed_setup.png Graphic file (type png)

<use ./images/testbed_setup.png>
Package pdftex.def Info: ./images/testbed_setup.png used on input line 39.
(pdftex.def)             Requested size: 395.91295pt x 320.96303pt.
 [3 <C:/Users/johns4ta/Desktop/Thesis/images/testbed_setup.png>]
<./images/testapp_workflow.png, id=300, 657.2053pt x 133.24782pt>
File: ./images/testapp_workflow.png Graphic file (type png)

<use ./images/testapp_workflow.png>
Package pdftex.def Info: ./images/testapp_workflow.png used on input line 50.
(pdftex.def)             Requested size: 657.20369pt x 133.24748pt.
)
(C:\Users\johns4ta\Desktop\Thesis\content/Chapter3_ProxyServer.tex [4 <C:/Users
/johns4ta/Desktop/Thesis/images/testapp_workflow.png>]

Package hyperref Warning: The anchor of a bookmark and its parent's must not
(hyperref)                be the same. Added a new anchor on input line 3.

[5

] [6]
Underfull \hbox (badness 10000) in paragraph at lines 75--93

 []


Underfull \hbox (badness 10000) in paragraph at lines 75--93

 []

<./images/proxy_setup.png, id=328, 304.88907pt x 188.20313pt>
File: ./images/proxy_setup.png Graphic file (type png)

<use ./images/proxy_setup.png>
Package pdftex.def Info: ./images/proxy_setup.png used on input line 96.
(pdftex.def)             Requested size: 304.88832pt x 188.20265pt.
 [7] [8 <C:/Users/johns4ta/Desktop/Thesis/images/proxy_setup.png>]
<./images/proxy_energy_cons_socks.png, id=343, 430.60875pt x 313.17pt>
File: ./images/proxy_energy_cons_socks.png Graphic file (type png)

<use ./images/proxy_energy_cons_socks.png>
Package pdftex.def Info: ./images/proxy_energy_cons_socks.png used on input lin
e 157.
(pdftex.def)             Requested size: 430.60768pt x 313.16922pt.

<./images/proxy_comp_energy_cons.png, id=344, 338.76563pt x 246.9225pt>
File: ./images/proxy_comp_energy_cons.png Graphic file (type png)

<use ./images/proxy_comp_energy_cons.png>
Package pdftex.def Info: ./images/proxy_comp_energy_cons.png used on input line
 164.
(pdftex.def)             Requested size: 338.76479pt x 246.92188pt.
 [9] [10 <C:/Users/johns4ta/Desktop/Thesis/images/proxy_energy_cons_socks.png> 
<C:/Users/johns4ta/Desktop/Thesis/images/proxy_comp_energy_cons.png>]
<./images/energy_cons_direct_vs_socks.png, id=358, 426.84468pt x 307.1475pt>
File: ./images/energy_cons_direct_vs_socks.png Graphic file (type png)

<use ./images/energy_cons_direct_vs_socks.png>
Package pdftex.def Info: ./images/energy_cons_direct_vs_socks.png used on input
 line 214.
(pdftex.def)             Requested size: 426.84364pt x 307.14674pt.

<./images/energy_cons_overhead.png, id=359, 338.01282pt x 244.66406pt>
File: ./images/energy_cons_overhead.png Graphic file (type png)

<use ./images/energy_cons_overhead.png>
Package pdftex.def Info: ./images/energy_cons_overhead.png used on input line 2
21.
(pdftex.def)             Requested size: 338.01198pt x 244.66345pt.
 [11] [12 <C:/Users/johns4ta/Desktop/Thesis/images/energy_cons_direct_vs_socks.
png> <C:/Users/johns4ta/Desktop/Thesis/images/energy_cons_overhead.png>] [13]
<./images/time_difference_requests.png, id=377, 350.05782pt x 250.68657pt>
File: ./images/time_difference_requests.png Graphic file (type png)

<use ./images/time_difference_requests.png>
Package pdftex.def Info: ./images/time_difference_requests.png used on input li
ne 294.
(pdftex.def)             Requested size: 350.05695pt x 250.68594pt.
 [14]
<./images/video_streaming_cons_socks.png, id=384, 354.57469pt x 249.18094pt>
File: ./images/video_streaming_cons_socks.png Graphic file (type png)

<use ./images/video_streaming_cons_socks.png>
Package pdftex.def Info: ./images/video_streaming_cons_socks.png used on input 
line 316.
(pdftex.def)             Requested size: 354.57382pt x 249.18031pt.
 [15 <C:/Users/johns4ta/Desktop/Thesis/images/time_difference_requests.png>]
<./images/agg_perf_results.png, id=395, 350.05782pt x 198.7425pt>
File: ./images/agg_perf_results.png Graphic file (type png)

<use ./images/agg_perf_results.png>
Package pdftex.def Info: ./images/agg_perf_results.png used on input line 358.
(pdftex.def)             Requested size: 350.05695pt x 198.742pt.
 [16 <C:/Users/johns4ta/Desktop/Thesis/images/video_streaming_cons_socks.png>])

(C:\Users\johns4ta\Desktop\Thesis\content/Chapter4_CacheForwarding.tex [17 <C:/
Users/johns4ta/Desktop/Thesis/images/agg_perf_results.png>] [18]

Package hyperref Warning: The anchor of a bookmark and its parent's must not
(hyperref)                be the same. Added a new anchor on input line 2.

[19

] <./images/cache_forwarding_setup.pdf, id=435, 264.62553pt x 257.96375pt>
File: ./images/cache_forwarding_setup.pdf Graphic file (type pdf)

<use ./images/cache_forwarding_setup.pdf>
Package pdftex.def Info: ./images/cache_forwarding_setup.pdf used on input line
 22.
(pdftex.def)             Requested size: 264.62488pt x 257.9631pt.
LaTeX Font Info:    Font shape `T1/ptm/bx/n' in size <12> not available
(Font)              Font shape `T1/ptm/b/n' tried instead on input line 34.


LaTeX Warning: Citation `Me13' on page 20 undefined on input line 34.

[20 <C:/Users/johns4ta/Desktop/Thesis/images/cache_forwarding_setup.pdf>]
<./images/1screen.jpg, id=456, 379.4175pt x 262.73157pt>
File: ./images/1screen.jpg Graphic file (type jpg)

<use ./images/1screen.jpg>
Package pdftex.def Info: ./images/1screen.jpg used on input line 45.
(pdftex.def)             Requested size: 379.41656pt x 262.73091pt.
 [21] [22 <C:/Users/johns4ta/Desktop/Thesis/images/1screen.jpg>] [23]

LaTeX Warning: Citation `PeFiWi11' on page 24 undefined on input line 105.

<./images/energy_ios_time.pdf, id=478, 722.7pt x 505.89pt>
File: ./images/energy_ios_time.pdf Graphic file (type pdf)

<use ./images/energy_ios_time.pdf>
Package pdftex.def Info: ./images/energy_ios_time.pdf used on input line 109.
(pdftex.def)             Requested size: 722.69823pt x 505.88875pt.
 [24]
<./images/rel_ios_time.pdf, id=485, 687.03024pt x 491.36322pt>
File: ./images/rel_ios_time.pdf Graphic file (type pdf)

<use ./images/rel_ios_time.pdf>
Package pdftex.def Info: ./images/rel_ios_time.pdf used on input line 120.
(pdftex.def)             Requested size: 687.02856pt x 491.36201pt.


LaTeX Warning: Citation `Se13' on page 25 undefined on input line 127.

[25 <C:/Users/johns4ta/Desktop/Thesis/images/energy_ios_time.pdf, page is rotat
ed 90 degrees>] [26 <C:/Users/johns4ta/Desktop/Thesis/images/rel_ios_time.pdf, 
page is rotated 90 degrees>]
Overfull \hbox (74.73949pt too wide) in paragraph at lines 147--160
 [][] 
 []


LaTeX Warning: Citation `JoSe14Commag' on page 27 undefined on input line 165.

<./images/comp_cpd.pdf, id=506, 673.95416pt x 490.05113pt>
File: ./images/comp_cpd.pdf Graphic file (type pdf)

<use ./images/comp_cpd.pdf>
Package pdftex.def Info: ./images/comp_cpd.pdf used on input line 170.
(pdftex.def)             Requested size: 673.95251pt x 490.04993pt.
 [27] [28 <C:/Users/johns4ta/Desktop/Thesis/images/comp_cpd.pdf, page is rotate
d 90 degrees>]

LaTeX Warning: Citation `KrTeSh06' on page 29 undefined on input line 188.

[29]

LaTeX Warning: Citation `AnCoGrPa03' on page 30 undefined on input line 216.

<./images/Fig6-a.pdf, id=536, 750.29019pt x 510.20523pt>
File: ./images/Fig6-a.pdf Graphic file (type pdf)

<use ./images/Fig6-a.pdf>
Package pdftex.def Info: ./images/Fig6-a.pdf used on input line 236.
(pdftex.def)             Requested size: 219.14851pt x 149.02228pt.

<./images/Fig6-b.pdf, id=537, 750.29019pt x 510.20523pt>
File: ./images/Fig6-b.pdf Graphic file (type pdf)

<use ./images/Fig6-b.pdf>
Package pdftex.def Info: ./images/Fig6-b.pdf used on input line 239.
(pdftex.def)             Requested size: 219.14851pt x 149.02228pt.


LaTeX Warning: `!h' float specifier changed to `!ht'.


LaTeX Warning: Citation `JoSe14Commag' on page 30 undefined on input line 245.

[30]

LaTeX Warning: No positions in optional float specifier.
               Default added (so using `tbp') on input line 252.

<./images/Fig7-a.pdf, id=546, 750.29019pt x 510.20523pt>
File: ./images/Fig7-a.pdf Graphic file (type pdf)

<use ./images/Fig7-a.pdf>
Package pdftex.def Info: ./images/Fig7-a.pdf used on input line 254.
(pdftex.def)             Requested size: 219.14851pt x 149.02228pt.

<./images/Fig7-b.pdf, id=547, 750.29019pt x 510.20523pt>
File: ./images/Fig7-b.pdf Graphic file (type pdf)

<use ./images/Fig7-b.pdf>
Package pdftex.def Info: ./images/Fig7-b.pdf used on input line 257.
(pdftex.def)             Requested size: 219.14851pt x 149.02228pt.
 [31 <C:/Users/johns4ta/Desktop/Thesis/images/Fig6-a.pdf> <C:/Users/johns4ta/De
sktop/Thesis/images/Fig6-b.pdf>]

LaTeX Warning: No positions in optional float specifier.
               Default added (so using `tbp') on input line 269.

<./images/Fig8.pdf, id=580, 750.29019pt x 510.20523pt>
File: ./images/Fig8.pdf Graphic file (type pdf)
 <use ./images/Fig8.pdf>
Package pdftex.def Info: ./images/Fig8.pdf used on input line 271.
(pdftex.def)             Requested size: 219.14851pt x 149.02228pt.

[32 <C:/Users/johns4ta/Desktop/Thesis/images/Fig7-a.pdf> <C:/Users/johns4ta/Des
ktop/Thesis/images/Fig7-b.pdf> <C:/Users/johns4ta/Desktop/Thesis/images/Fig8.pd
f>])
(C:\Users\johns4ta\Desktop\Thesis\content/Chapter5-CharacteristicsMobileDesktop
.tex [33]

Package hyperref Warning: The anchor of a bookmark and its parent's must not
(hyperref)                be the same. Added a new anchor on input line 2.

) (C:\Users\johns4ta\Desktop\Thesis\content/conclusion.tex [34

]

Package hyperref Warning: Difference (2) between bookmark levels is greater 
(hyperref)                than one, level fixed on input line 5.

) (C:\Users\johns4ta\Desktop\Thesis\main.bbl [35

]
bibitemlist
[36

]) [37]
\tf@toc=\write5
\tf@lof=\write6
Package atveryend Info: Empty hook `BeforeClearDocument' on input line 169.
Package atveryend Info: Empty hook `AfterLastShipout' on input line 169.
 (C:\Users\johns4ta\Desktop\Thesis\main.aux)
Package atveryend Info: Executing hook `AtVeryEndDocument' on input line 169.
Package atveryend Info: Executing hook `AtEndAfterFileList' on input line 169.
Package rerunfilecheck Info: File `main.out' has not changed.
(rerunfilecheck)             Checksum: 64D76ECFDC94345D047C5C3BD8C5EA81;2873.


LaTeX Warning: There were undefined references.

Package atveryend Info: Empty hook `AtVeryVeryEnd' on input line 169.
 ) 
Here is how much of TeX's memory you used:
 11706 strings out of 493921
 174033 string characters out of 3147274
 329061 words of memory out of 3000000
 14737 multiletter control sequences out of 15000+200000
 15813 words of font info for 31 fonts, out of 3000000 for 9000
 841 hyphenation exceptions out of 8191
 38i,11n,40p,1852b,522s stack positions out of 5000i,500n,10000p,200000b,50000s
{C:/Program Files/MiKTeX 2.9/fonts/enc/dvips/fontname/8r.enc}<C:/Program File
s/MiKTeX 2.9/fonts/type1/public/amsfonts/cm/cmex10.pfb><C:/Program Files/MiKTeX
 2.9/fonts/type1/public/amsfonts/cm/cmmi12.pfb><C:/Program Files/MiKTeX 2.9/fon
ts/type1/public/amsfonts/cm/cmmi6.pfb><C:/Program Files/MiKTeX 2.9/fonts/type1/
public/amsfonts/cm/cmmi8.pfb><C:/Program Files/MiKTeX 2.9/fonts/type1/public/am
sfonts/cm/cmr12.pfb><C:/Program Files/MiKTeX 2.9/fonts/type1/public/amsfonts/cm
/cmr8.pfb><C:/Program Files/MiKTeX 2.9/fonts/type1/public/amsfonts/cm/cmsy10.pf
b><C:/Program Files/MiKTeX 2.9/fonts/type1/public/amsfonts/cm/cmsy6.pfb><C:/Pro
gram Files/MiKTeX 2.9/fonts/type1/public/amsfonts/cm/cmsy8.pfb><C:/Program File
s/MiKTeX 2.9/fonts/type1/urw/times/utmb8a.pfb><C:/Program Files/MiKTeX 2.9/font
s/type1/urw/times/utmr8a.pfb><C:/Program Files/MiKTeX 2.9/fonts/type1/urw/times
/utmri8a.pfb>
Output written on main.pdf (44 pages, 1114163 bytes).
PDF statistics:
 715 PDF objects out of 1000 (max. 8388607)
 128 named destinations out of 1000 (max. 500000)
 413 words of extra memory for PDF output out of 10000 (max. 10000000)

