This is pdfTeX, Version 3.1415926-2.5-1.40.14 (MiKTeX 2.9) (preloaded format=pdflatex 2013.6.26)  30 DEC 2013 14:06
entering extended mode
**main_v1_large_images.tex
("C:\Users\seeli1p\Dropbox\HTTPArchive v1\GNUGraphs_v1\main_v1_large_images.tex
"
LaTeX2e <2011/06/27>
Babel <v3.8m> and hyphenation patterns for english, afrikaans, ancientgreek, ar
abic, armenian, assamese, basque, bengali, bokmal, bulgarian, catalan, coptic, 
croatian, czech, danish, dutch, esperanto, estonian, farsi, finnish, french, ga
lician, german, german-x-2013-05-26, greek, gujarati, hindi, hungarian, iceland
ic, indonesian, interlingua, irish, italian, kannada, kurmanji, latin, latvian,
 lithuanian, malayalam, marathi, mongolian, mongolianlmc, monogreek, ngerman, n
german-x-2013-05-26, nynorsk, oriya, panjabi, pinyin, polish, portuguese, roman
ian, russian, sanskrit, serbian, slovak, slovenian, spanish, swedish, swissgerm
an, tamil, telugu, turkish, turkmen, ukenglish, ukrainian, uppersorbian, usengl
ishmax, welsh, loaded.
(C:\Users\seeli1p\AppData\Roaming\MiKTeX\2.9\tex\latex\ieeetran\IEEEtran.cls
Document Class: IEEEtran 2007/03/05 V1.7a by Michael Shell
-- See the "IEEEtran_HOWTO" manual for usage information.
-- http://www.michaelshell.org/tex/ieeetran/
\@IEEEtrantmpdimenA=\dimen102
\@IEEEtrantmpdimenB=\dimen103
\@IEEEtrantmpcountA=\count79
\@IEEEtrantmpcountB=\count80
\@IEEEtrantmptoksA=\toks14
LaTeX Font Info:    Try loading font information for OT1+ptm on input line 366.

(C:\miktex\tex\latex\psnfss\ot1ptm.fd
File: ot1ptm.fd 2001/06/04 font definitions for OT1/ptm.
)
** ATTENTION: Single column mode is not typically used with IEEE publications.
-- Using 8.5in x 11in (letter) paper.
-- Using PDF output.
\@IEEEnormalsizeunitybaselineskip=\dimen104
-- This is a 12 point document.
\CLASSINFOnormalsizebaselineskip=\dimen105
\CLASSINFOnormalsizeunitybaselineskip=\dimen106
\IEEEnormaljot=\dimen107
LaTeX Font Info:    Font shape `OT1/ptm/bx/n' in size <6> not available
(Font)              Font shape `OT1/ptm/b/n' tried instead on input line 724.
LaTeX Font Info:    Font shape `OT1/ptm/bx/it' in size <6> not available
(Font)              Font shape `OT1/ptm/b/it' tried instead on input line 724.
LaTeX Font Info:    Font shape `OT1/ptm/bx/n' in size <8> not available
(Font)              Font shape `OT1/ptm/b/n' tried instead on input line 724.
LaTeX Font Info:    Font shape `OT1/ptm/bx/it' in size <8> not available
(Font)              Font shape `OT1/ptm/b/it' tried instead on input line 724.
LaTeX Font Info:    Font shape `OT1/ptm/bx/n' in size <9> not available
(Font)              Font shape `OT1/ptm/b/n' tried instead on input line 724.
LaTeX Font Info:    Font shape `OT1/ptm/bx/it' in size <9> not available
(Font)              Font shape `OT1/ptm/b/it' tried instead on input line 724.
LaTeX Font Info:    Font shape `OT1/ptm/bx/n' in size <10> not available
(Font)              Font shape `OT1/ptm/b/n' tried instead on input line 724.
LaTeX Font Info:    Font shape `OT1/ptm/bx/it' in size <10> not available
(Font)              Font shape `OT1/ptm/b/it' tried instead on input line 724.
LaTeX Font Info:    Font shape `OT1/ptm/bx/n' in size <12> not available
(Font)              Font shape `OT1/ptm/b/n' tried instead on input line 724.
LaTeX Font Info:    Font shape `OT1/ptm/bx/it' in size <12> not available
(Font)              Font shape `OT1/ptm/b/it' tried instead on input line 724.
LaTeX Font Info:    Font shape `OT1/ptm/bx/n' in size <14> not available
(Font)              Font shape `OT1/ptm/b/n' tried instead on input line 724.
LaTeX Font Info:    Font shape `OT1/ptm/bx/it' in size <14> not available
(Font)              Font shape `OT1/ptm/b/it' tried instead on input line 724.
LaTeX Font Info:    Font shape `OT1/ptm/bx/n' in size <20> not available
(Font)              Font shape `OT1/ptm/b/n' tried instead on input line 724.
LaTeX Font Info:    Font shape `OT1/ptm/bx/it' in size <20> not available
(Font)              Font shape `OT1/ptm/b/it' tried instead on input line 724.
LaTeX Font Info:    Font shape `OT1/ptm/bx/n' in size <22> not available
(Font)              Font shape `OT1/ptm/b/n' tried instead on input line 724.
LaTeX Font Info:    Font shape `OT1/ptm/bx/it' in size <22> not available
(Font)              Font shape `OT1/ptm/b/it' tried instead on input line 724.
LaTeX Font Info:    Font shape `OT1/ptm/bx/n' in size <24> not available
(Font)              Font shape `OT1/ptm/b/n' tried instead on input line 724.
LaTeX Font Info:    Font shape `OT1/ptm/bx/it' in size <24> not available
(Font)              Font shape `OT1/ptm/b/it' tried instead on input line 724.
\IEEEilabelindentA=\dimen108
\IEEEilabelindentB=\dimen109
\IEEEilabelindent=\dimen110
\IEEEelabelindent=\dimen111
\IEEEdlabelindent=\dimen112
\IEEElabelindent=\dimen113
\IEEEiednormlabelsep=\dimen114
\IEEEiedmathlabelsep=\dimen115
\IEEEiedtopsep=\skip41
\c@section=\count81
\c@subsection=\count82
\c@subsubsection=\count83
\c@paragraph=\count84
\c@IEEEsubequation=\count85
\abovecaptionskip=\skip42
\belowcaptionskip=\skip43
\c@figure=\count86
\c@table=\count87
\@IEEEeqnnumcols=\count88
\@IEEEeqncolcnt=\count89
\@IEEEtmpitemindent=\dimen116
\c@IEEEbiography=\count90
\@IEEEtranrubishbin=\box26
) (C:\miktex\tex\latex\graphics\graphicx.sty
Package: graphicx 1999/02/16 v1.0f Enhanced LaTeX Graphics (DPC,SPQR)

(C:\miktex\tex\latex\graphics\keyval.sty
Package: keyval 1999/03/16 v1.13 key=value parser (DPC)
\KV@toks@=\toks15
)
(C:\miktex\tex\latex\graphics\graphics.sty
Package: graphics 2009/02/05 v1.0o Standard LaTeX Graphics (DPC,SPQR)

(C:\miktex\tex\latex\graphics\trig.sty
Package: trig 1999/03/16 v1.09 sin cos tan (DPC)
)
(C:\miktex\tex\latex\00miktex\graphics.cfg
File: graphics.cfg 2007/01/18 v1.5 graphics configuration of teTeX/TeXLive
)
Package graphics Info: Driver file: pdftex.def on input line 91.

(C:\miktex\tex\latex\pdftex-def\pdftex.def
File: pdftex.def 2011/05/27 v0.06d Graphics/color for pdfTeX

(C:\miktex\tex\generic\oberdiek\infwarerr.sty
Package: infwarerr 2010/04/08 v1.3 Providing info/warning/error messages (HO)
)
(C:\miktex\tex\generic\oberdiek\ltxcmds.sty
Package: ltxcmds 2011/11/09 v1.22 LaTeX kernel commands for general use (HO)
)
\Gread@gobject=\count91
))
\Gin@req@height=\dimen117
\Gin@req@width=\dimen118
)
(C:\miktex\tex\latex\oberdiek\epstopdf.sty
Package: epstopdf 2010/02/09 v2.5 Conversion with epstopdf on the fly (HO)

(C:\miktex\tex\latex\oberdiek\epstopdf-base.sty
Package: epstopdf-base 2010/02/09 v2.5 Base part for package epstopdf

(C:\miktex\tex\latex\oberdiek\grfext.sty
Package: grfext 2010/08/19 v1.1 Manage graphics extensions (HO)

(C:\miktex\tex\generic\oberdiek\kvdefinekeys.sty
Package: kvdefinekeys 2011/04/07 v1.3 Define keys (HO)
))
(C:\miktex\tex\latex\oberdiek\kvoptions.sty
Package: kvoptions 2011/06/30 v3.11 Key value format for package options (HO)

(C:\miktex\tex\generic\oberdiek\kvsetkeys.sty
Package: kvsetkeys 2012/04/25 v1.16 Key value parser (HO)

(C:\miktex\tex\generic\oberdiek\etexcmds.sty
Package: etexcmds 2011/02/16 v1.5 Avoid name clashes with e-TeX commands (HO)

(C:\miktex\tex\generic\oberdiek\ifluatex.sty
Package: ifluatex 2010/03/01 v1.3 Provides the ifluatex switch (HO)
Package ifluatex Info: LuaTeX not detected.
)
Package etexcmds Info: Could not find \expanded.
(etexcmds)             That can mean that you are not using pdfTeX 1.50 or
(etexcmds)             that some package has redefined \expanded.
(etexcmds)             In the latter case, load this package earlier.
)))
(C:\miktex\tex\generic\oberdiek\pdftexcmds.sty
Package: pdftexcmds 2011/11/29 v0.20 Utility functions of pdfTeX for LuaTeX (HO
)

(C:\miktex\tex\generic\oberdiek\ifpdf.sty
Package: ifpdf 2011/01/30 v2.3 Provides the ifpdf switch (HO)
Package ifpdf Info: pdfTeX in PDF mode is detected.
)
Package pdftexcmds Info: LuaTeX not detected.
Package pdftexcmds Info: \pdf@primitive is available.
Package pdftexcmds Info: \pdf@ifprimitive is available.
Package pdftexcmds Info: \pdfdraftmode found.
)
Package grfext Info: Graphics extension search list:
(grfext)             [.png,.pdf,.jpg,.mps,.jpeg,.jbig2,.jb2,.PNG,.PDF,.JPG,.JPE
G,.JBIG2,.JB2,.eps]
(grfext)             \AppendGraphicsExtensions on input line 452.
))
(C:\Users\seeli1p\AppData\Roaming\MiKTeX\2.9\tex\latex\subfig\subfig.sty
Package: subfig 2005/06/28 ver: 1.3 subfig package

(C:\Users\seeli1p\AppData\Roaming\MiKTeX\2.9\tex\latex\caption\caption3.sty
Package: caption3 2011/08/18 v1.3b caption3 kernel (AR)
\captionmargin=\dimen119
\captionmargin@=\dimen120
\captionwidth=\dimen121
\caption@indent=\dimen122
\caption@parindent=\dimen123
\caption@hangindent=\dimen124
Package caption Info: Unknown document class (or package),
(caption)             standard defaults will be used.
)
\c@KVtest=\count92
\sf@farskip=\skip44
\sf@captopadj=\dimen125
\sf@capskip=\skip45
\sf@nearskip=\skip46
\c@subfigure=\count93
\c@subfigure@save=\count94
\c@lofdepth=\count95
\c@subtable=\count96
\c@subtable@save=\count97
\c@lotdepth=\count98
\sf@top=\skip47
\sf@bottom=\skip48
)
(C:\miktex\tex\latex\dblfloatfix\dblfloatfix.sty
Package: dblfloatfix 2012/12/31 v1.0a (JAW)

(C:\miktex\tex\latex\base\fixltx2e.sty
Package: fixltx2e 2006/09/13 v1.1m fixes to LaTeX
LaTeX Info: Redefining \em on input line 420.
)
\@dblbotnum=\count99
\c@dblbotnumber=\count100
) (C:\miktex\tex\latex\url\url.sty
\Urlmuskip=\muskip10
Package: url 2006/04/12  ver 3.3  Verb mode for urls, etc.
)
("C:\Users\seeli1p\Dropbox\HTTPArchive v1\GNUGraphs_v1\main_v1_large_images.aux
")
LaTeX Font Info:    Checking defaults for OML/cmm/m/it on input line 32.
LaTeX Font Info:    ... okay on input line 32.
LaTeX Font Info:    Checking defaults for T1/cmr/m/n on input line 32.
LaTeX Font Info:    ... okay on input line 32.
LaTeX Font Info:    Checking defaults for OT1/cmr/m/n on input line 32.
LaTeX Font Info:    ... okay on input line 32.
LaTeX Font Info:    Checking defaults for OMS/cmsy/m/n on input line 32.
LaTeX Font Info:    ... okay on input line 32.
LaTeX Font Info:    Checking defaults for OMX/cmex/m/n on input line 32.
LaTeX Font Info:    ... okay on input line 32.
LaTeX Font Info:    Checking defaults for U/cmr/m/n on input line 32.
LaTeX Font Info:    ... okay on input line 32.
 (C:\Users\seeli1p\AppData\Roaming\MiKTeX\2.9\tex\context\base\supp-pdf.mkii
[Loading MPS to PDF converter (version 2006.09.02).]
\scratchcounter=\count101
\scratchdimen=\dimen126
\scratchbox=\box27
\nofMPsegments=\count102
\nofMParguments=\count103
\everyMPshowfont=\toks16
\MPscratchCnt=\count104
\MPscratchDim=\dimen127
\MPnumerator=\count105
\makeMPintoPDFobject=\count106
\everyMPtoPDFconversion=\toks17
)
Package caption Info: Begin \AtBeginDocument code.
Package caption Info: subfig package 1.2 or 1.3 is loaded.
Package caption Info: End \AtBeginDocument code.
 [1{C:/Users/seeli1p/AppData/Local/MiKTeX/2.9/pdftex/config/pdftex.map}]
Package epstopdf Info: Source file: <totalRequests/totalRequests.eps>
(epstopdf)                    date: 2013-12-30 14:05:17
(epstopdf)                    size: 22979 bytes
(epstopdf)             Output file: <totalRequests/totalRequests-eps-converted-
to.pdf>
(epstopdf)                    date: 2013-12-30 14:05:21
(epstopdf)                    size: 5982 bytes
(epstopdf)             Command: <epstopdf --outfile=totalRequests/totalRequests
-eps-converted-to.pdf totalRequests/totalRequests.eps>
(epstopdf)             \includegraphics on input line 45.
Package epstopdf Info: Output file is already uptodate.

<totalRequests/totalRequests-eps-converted-to.pdf, id=6, 505.89pt x 722.7pt>
File: totalRequests/totalRequests-eps-converted-to.pdf Graphic file (type pdf)

<use totalRequests/totalRequests-eps-converted-to.pdf>
Package pdftex.def Info: totalRequests/totalRequests-eps-converted-to.pdf used 
on input line 45.
(pdftex.def)             Requested size: 505.88875pt x 722.69823pt.
Package epstopdf Info: Source file: <requests_by_type/req_by_type_fixed.eps>
(epstopdf)                    date: 2013-12-30 11:57:03
(epstopdf)                    size: 27736 bytes
(epstopdf)             Output file: <requests_by_type/req_by_type_fixed-eps-con
verted-to.pdf>
(epstopdf)                    date: 2013-12-30 14:02:44
(epstopdf)                    size: 9450 bytes
(epstopdf)             Command: <epstopdf --outfile=requests_by_type/req_by_typ
e_fixed-eps-converted-to.pdf requests_by_type/req_by_type_fixed.eps>
(epstopdf)             \includegraphics on input line 46.
Package epstopdf Info: Output file is already uptodate.

<requests_by_type/req_by_type_fixed-eps-converted-to.pdf, id=7, 505.89pt x 722.
7pt>
File: requests_by_type/req_by_type_fixed-eps-converted-to.pdf Graphic file (typ
e pdf)
 <use requests_by_type/req_by_type_fixed-eps-converted-to.pdf>
Package pdftex.def Info: requests_by_type/req_by_type_fixed-eps-converted-to.pd
f used on input line 46.
(pdftex.def)             Requested size: 505.88875pt x 722.69823pt.
Package epstopdf Info: Source file: <requests_by_type/req_by_type_mobile.eps>
(epstopdf)                    date: 2013-12-30 11:57:03
(epstopdf)                    size: 26821 bytes
(epstopdf)             Output file: <requests_by_type/req_by_type_mobile-eps-co
nverted-to.pdf>
(epstopdf)                    date: 2013-12-30 14:02:45
(epstopdf)                    size: 9149 bytes
(epstopdf)             Command: <epstopdf --outfile=requests_by_type/req_by_typ
e_mobile-eps-converted-to.pdf requests_by_type/req_by_type_mobile.eps>
(epstopdf)             \includegraphics on input line 47.
Package epstopdf Info: Output file is already uptodate.

<requests_by_type/req_by_type_mobile-eps-converted-to.pdf, id=8, 505.89pt x 722
.7pt>
File: requests_by_type/req_by_type_mobile-eps-converted-to.pdf Graphic file (ty
pe pdf)
 <use requests_by_type/req_by_type_mobile-eps-converted-to.pdf>
Package pdftex.def Info: requests_by_type/req_by_type_mobile-eps-converted-to.p
df used on input line 47.
(pdftex.def)             Requested size: 505.88875pt x 722.69823pt.
 [2]
[3 <C:/Users/seeli1p/Dropbox/HTTPArchive v1/GNUGraphs_v1/totalRequests/totalReq
uests-eps-converted-to.pdf> <C:/Users/seeli1p/Dropbox/HTTPArchive v1/GNUGraphs_
v1/requests_by_type/req_by_type_fixed-eps-converted-to.pdf> <C:/Users/seeli1p/D
ropbox/HTTPArchive v1/GNUGraphs_v1/requests_by_type/req_by_type_mobile-eps-conv
erted-to.pdf>]
Package epstopdf Info: Source file: <bytes_total/bytes_total.eps>
(epstopdf)                    date: 2013-12-30 11:54:50
(epstopdf)                    size: 23574 bytes
(epstopdf)             Output file: <bytes_total/bytes_total-eps-converted-to.p
df>
(epstopdf)                    date: 2013-12-30 14:03:20
(epstopdf)                    size: 6443 bytes
(epstopdf)             Command: <epstopdf --outfile=bytes_total/bytes_total-eps
-converted-to.pdf bytes_total/bytes_total.eps>
(epstopdf)             \includegraphics on input line 58.
Package epstopdf Info: Output file is already uptodate.

<bytes_total/bytes_total-eps-converted-to.pdf, id=25, 505.89pt x 722.7pt>
File: bytes_total/bytes_total-eps-converted-to.pdf Graphic file (type pdf)

<use bytes_total/bytes_total-eps-converted-to.pdf>
Package pdftex.def Info: bytes_total/bytes_total-eps-converted-to.pdf used on i
nput line 58.
(pdftex.def)             Requested size: 505.88875pt x 722.69823pt.
Package epstopdf Info: Source file: <bytes_by_type/bytes_by_type_fixed.eps>
(epstopdf)                    date: 2013-12-30 11:24:36
(epstopdf)                    size: 28498 bytes
(epstopdf)             Output file: <bytes_by_type/bytes_by_type_fixed-eps-conv
erted-to.pdf>
(epstopdf)                    date: 2013-12-30 14:04:06
(epstopdf)                    size: 10529 bytes
(epstopdf)             Command: <epstopdf --outfile=bytes_by_type/bytes_by_type
_fixed-eps-converted-to.pdf bytes_by_type/bytes_by_type_fixed.eps>
(epstopdf)             \includegraphics on input line 59.
Package epstopdf Info: Output file is already uptodate.

<bytes_by_type/bytes_by_type_fixed-eps-converted-to.pdf, id=26, 505.89pt x 722.
7pt>
File: bytes_by_type/bytes_by_type_fixed-eps-converted-to.pdf Graphic file (type
 pdf)
 <use bytes_by_type/bytes_by_type_fixed-eps-converted-to.pdf>
Package pdftex.def Info: bytes_by_type/bytes_by_type_fixed-eps-converted-to.pdf
 used on input line 59.
(pdftex.def)             Requested size: 505.88875pt x 722.69823pt.
Package epstopdf Info: Source file: <bytes_by_type/bytes_by_type_mobile.eps>
(epstopdf)                    date: 2013-12-30 11:24:36
(epstopdf)                    size: 28341 bytes
(epstopdf)             Output file: <bytes_by_type/bytes_by_type_mobile-eps-con
verted-to.pdf>
(epstopdf)                    date: 2013-12-30 14:04:07
(epstopdf)                    size: 10469 bytes
(epstopdf)             Command: <epstopdf --outfile=bytes_by_type/bytes_by_type
_mobile-eps-converted-to.pdf bytes_by_type/bytes_by_type_mobile.eps>
(epstopdf)             \includegraphics on input line 60.
Package epstopdf Info: Output file is already uptodate.

<bytes_by_type/bytes_by_type_mobile-eps-converted-to.pdf, id=27, 505.89pt x 722
.7pt>
File: bytes_by_type/bytes_by_type_mobile-eps-converted-to.pdf Graphic file (typ
e pdf)
 <use bytes_by_type/bytes_by_type_mobile-eps-converted-to.pdf>
Package pdftex.def Info: bytes_by_type/bytes_by_type_mobile-eps-converted-to.pd
f used on input line 60.
(pdftex.def)             Requested size: 505.88875pt x 722.69823pt.


LaTeX Warning: Float too large for page by 31.70981pt on input line 62.

[4] [5 <C:/Users/seeli1p/Dropbox/HTTPArchive v1/GNUGraphs_v1/bytes_total/bytes_
total-eps-converted-to.pdf> <C:/Users/seeli1p/Dropbox/HTTPArchive v1/GNUGraphs_
v1/bytes_by_type/bytes_by_type_fixed-eps-converted-to.pdf> <C:/Users/seeli1p/Dr
opbox/HTTPArchive v1/GNUGraphs_v1/bytes_by_type/bytes_by_type_mobile-eps-conver
ted-to.pdf>]
Package epstopdf Info: Source file: <bytes_per_request/bpr.eps>
(epstopdf)                    date: 2013-12-30 11:26:33
(epstopdf)                    size: 23201 bytes
(epstopdf)             Output file: <bytes_per_request/bpr-eps-converted-to.pdf
>
(epstopdf)                    date: 2013-12-30 14:04:08
(epstopdf)                    size: 6427 bytes
(epstopdf)             Command: <epstopdf --outfile=bytes_per_request/bpr-eps-c
onverted-to.pdf bytes_per_request/bpr.eps>
(epstopdf)             \includegraphics on input line 69.
Package epstopdf Info: Output file is already uptodate.

<bytes_per_request/bpr-eps-converted-to.pdf, id=43, 505.89pt x 722.7pt>
File: bytes_per_request/bpr-eps-converted-to.pdf Graphic file (type pdf)

<use bytes_per_request/bpr-eps-converted-to.pdf>
Package pdftex.def Info: bytes_per_request/bpr-eps-converted-to.pdf used on inp
ut line 69.
(pdftex.def)             Requested size: 505.88875pt x 722.69823pt.
Package epstopdf Info: Source file: <bytes_per_request_by_type/bpr_by_type_fixe
d.eps>
(epstopdf)                    date: 2013-12-30 11:52:39
(epstopdf)                    size: 28234 bytes
(epstopdf)             Output file: <bytes_per_request_by_type/bpr_by_type_fixe
d-eps-converted-to.pdf>
(epstopdf)                    date: 2013-12-30 14:04:09
(epstopdf)                    size: 10431 bytes
(epstopdf)             Command: <epstopdf --outfile=bytes_per_request_by_type/b
pr_by_type_fixed-eps-converted-to.pdf bytes_per_request_by_type/bpr_by_type_fix
ed.eps>
(epstopdf)             \includegraphics on input line 70.
Package epstopdf Info: Output file is already uptodate.

<bytes_per_request_by_type/bpr_by_type_fixed-eps-converted-to.pdf, id=44, 505.8
9pt x 722.7pt>
File: bytes_per_request_by_type/bpr_by_type_fixed-eps-converted-to.pdf Graphic 
file (type pdf)

<use bytes_per_request_by_type/bpr_by_type_fixed-eps-converted-to.pdf>
Package pdftex.def Info: bytes_per_request_by_type/bpr_by_type_fixed-eps-conver
ted-to.pdf used on input line 70.
(pdftex.def)             Requested size: 505.88875pt x 722.69823pt.
Package epstopdf Info: Source file: <bytes_per_request_by_type/bpr_by_type_mobi
le.eps>
(epstopdf)                    date: 2013-12-30 11:50:42
(epstopdf)                    size: 28836 bytes
(epstopdf)             Output file: <bytes_per_request_by_type/bpr_by_type_mobi
le-eps-converted-to.pdf>
(epstopdf)                    date: 2013-12-30 14:04:10
(epstopdf)                    size: 10755 bytes
(epstopdf)             Command: <epstopdf --outfile=bytes_per_request_by_type/b
pr_by_type_mobile-eps-converted-to.pdf bytes_per_request_by_type/bpr_by_type_mo
bile.eps>
(epstopdf)             \includegraphics on input line 71.
Package epstopdf Info: Output file is already uptodate.

<bytes_per_request_by_type/bpr_by_type_mobile-eps-converted-to.pdf, id=45, 505.
89pt x 722.7pt>
File: bytes_per_request_by_type/bpr_by_type_mobile-eps-converted-to.pdf Graphic
 file (type pdf)

<use bytes_per_request_by_type/bpr_by_type_mobile-eps-converted-to.pdf>
Package pdftex.def Info: bytes_per_request_by_type/bpr_by_type_mobile-eps-conve
rted-to.pdf used on input line 71.
(pdftex.def)             Requested size: 505.88875pt x 722.69823pt.


LaTeX Warning: Float too large for page by 31.70981pt on input line 73.

[6] [7 <C:/Users/seeli1p/Dropbox/HTTPArchive v1/GNUGraphs_v1/bytes_per_request/
bpr-eps-converted-to.pdf> <C:/Users/seeli1p/Dropbox/HTTPArchive v1/GNUGraphs_v1
/bytes_per_request_by_type/bpr_by_type_fixed-eps-converted-to.pdf> <C:/Users/se
eli1p/Dropbox/HTTPArchive v1/GNUGraphs_v1/bytes_per_request_by_type/bpr_by_type
_mobile-eps-converted-to.pdf>] [8]
("C:\Users\seeli1p\Dropbox\HTTPArchive v1\GNUGraphs_v1\main_v1_large_images.aux
")

LaTeX Warning: Label(s) may have changed. Rerun to get cross-references right.

 ) 
Here is how much of TeX's memory you used:
 3046 strings out of 493921
 51157 string characters out of 3154494
 105720 words of memory out of 3000000
 6307 multiletter control sequences out of 15000+200000
 28697 words of font info for 56 fonts, out of 3000000 for 9000
 841 hyphenation exceptions out of 8191
 42i,9n,46p,434b,309s stack positions out of 5000i,500n,10000p,200000b,50000s
{C:/miktex/fonts/enc/dvips/fontname/8r.enc}<C:/miktex/fonts/type1/urw/times/u
tmr8a.pfb><C:/miktex/fonts/type1/urw/times/utmri8a.pfb>
Output written on main_v1_large_images.pdf (8 pages, 98206 bytes).
PDF statistics:
 74 PDF objects out of 1000 (max. 8388607)
 0 named destinations out of 1000 (max. 500000)
 46 words of extra memory for PDF output out of 10000 (max. 10000000)

