This is pdfTeX, Version 3.1415926-2.5-1.40.14 (MiKTeX 2.9) (preloaded format=pdflatex 2013.6.26)  7 JAN 2014 12:06
entering extended mode
**jose_webpages_commag_v2_20140106_uline.tex

("C:\Users\seeli1p\Box Sync\Publications\_submitted\Johnson_HTTPARCHIVE_COMMAG\
resubmission\jose_webpages_commag_v2_20140106_uline.tex"
LaTeX2e <2011/06/27>
Babel <v3.8m> and hyphenation patterns for english, afrikaans, ancientgreek, ar
abic, armenian, assamese, basque, bengali, bokmal, bulgarian, catalan, coptic, 
croatian, czech, danish, dutch, esperanto, estonian, farsi, finnish, french, ga
lician, german, german-x-2013-05-26, greek, gujarati, hindi, hungarian, iceland
ic, indonesian, interlingua, irish, italian, kannada, kurmanji, latin, latvian,
 lithuanian, malayalam, marathi, mongolian, mongolianlmc, monogreek, ngerman, n
german-x-2013-05-26, nynorsk, oriya, panjabi, pinyin, polish, portuguese, roman
ian, russian, sanskrit, serbian, slovak, slovenian, spanish, swedish, swissgerm
an, tamil, telugu, turkish, turkmen, ukenglish, ukrainian, uppersorbian, usengl
ishmax, welsh, loaded.
(C:\Users\seeli1p\AppData\Roaming\MiKTeX\2.9\tex\latex\ieeetran\IEEEtran.cls
Document Class: IEEEtran 2007/03/05 V1.7a by Michael Shell
-- See the "IEEEtran_HOWTO" manual for usage information.
-- http://www.michaelshell.org/tex/ieeetran/
\@IEEEtrantmpdimenA=\dimen102
\@IEEEtrantmpdimenB=\dimen103
\@IEEEtrantmpcountA=\count79
\@IEEEtrantmpcountB=\count80
\@IEEEtrantmptoksA=\toks14
LaTeX Font Info:    Try loading font information for OT1+ptm on input line 366.

(C:\miktex\tex\latex\psnfss\ot1ptm.fd
File: ot1ptm.fd 2001/06/04 font definitions for OT1/ptm.
)
** ATTENTION: Single column mode is not typically used with IEEE publications.
-- Using 8.5in x 11in (letter) paper.
-- Using PDF output.
\@IEEEnormalsizeunitybaselineskip=\dimen104
-- This is a 12 point document.
\CLASSINFOnormalsizebaselineskip=\dimen105
\CLASSINFOnormalsizeunitybaselineskip=\dimen106
\IEEEnormaljot=\dimen107
LaTeX Font Info:    Font shape `OT1/ptm/bx/n' in size <6> not available
(Font)              Font shape `OT1/ptm/b/n' tried instead on input line 724.
LaTeX Font Info:    Font shape `OT1/ptm/bx/it' in size <6> not available
(Font)              Font shape `OT1/ptm/b/it' tried instead on input line 724.
LaTeX Font Info:    Font shape `OT1/ptm/bx/n' in size <8> not available
(Font)              Font shape `OT1/ptm/b/n' tried instead on input line 724.
LaTeX Font Info:    Font shape `OT1/ptm/bx/it' in size <8> not available
(Font)              Font shape `OT1/ptm/b/it' tried instead on input line 724.
LaTeX Font Info:    Font shape `OT1/ptm/bx/n' in size <9> not available
(Font)              Font shape `OT1/ptm/b/n' tried instead on input line 724.
LaTeX Font Info:    Font shape `OT1/ptm/bx/it' in size <9> not available
(Font)              Font shape `OT1/ptm/b/it' tried instead on input line 724.
LaTeX Font Info:    Font shape `OT1/ptm/bx/n' in size <10> not available
(Font)              Font shape `OT1/ptm/b/n' tried instead on input line 724.
LaTeX Font Info:    Font shape `OT1/ptm/bx/it' in size <10> not available
(Font)              Font shape `OT1/ptm/b/it' tried instead on input line 724.
LaTeX Font Info:    Font shape `OT1/ptm/bx/n' in size <12> not available
(Font)              Font shape `OT1/ptm/b/n' tried instead on input line 724.
LaTeX Font Info:    Font shape `OT1/ptm/bx/it' in size <12> not available
(Font)              Font shape `OT1/ptm/b/it' tried instead on input line 724.
LaTeX Font Info:    Font shape `OT1/ptm/bx/n' in size <14> not available
(Font)              Font shape `OT1/ptm/b/n' tried instead on input line 724.
LaTeX Font Info:    Font shape `OT1/ptm/bx/it' in size <14> not available
(Font)              Font shape `OT1/ptm/b/it' tried instead on input line 724.
LaTeX Font Info:    Font shape `OT1/ptm/bx/n' in size <20> not available
(Font)              Font shape `OT1/ptm/b/n' tried instead on input line 724.
LaTeX Font Info:    Font shape `OT1/ptm/bx/it' in size <20> not available
(Font)              Font shape `OT1/ptm/b/it' tried instead on input line 724.
LaTeX Font Info:    Font shape `OT1/ptm/bx/n' in size <22> not available
(Font)              Font shape `OT1/ptm/b/n' tried instead on input line 724.
LaTeX Font Info:    Font shape `OT1/ptm/bx/it' in size <22> not available
(Font)              Font shape `OT1/ptm/b/it' tried instead on input line 724.
LaTeX Font Info:    Font shape `OT1/ptm/bx/n' in size <24> not available
(Font)              Font shape `OT1/ptm/b/n' tried instead on input line 724.
LaTeX Font Info:    Font shape `OT1/ptm/bx/it' in size <24> not available
(Font)              Font shape `OT1/ptm/b/it' tried instead on input line 724.
\IEEEilabelindentA=\dimen108
\IEEEilabelindentB=\dimen109
\IEEEilabelindent=\dimen110
\IEEEelabelindent=\dimen111
\IEEEdlabelindent=\dimen112
\IEEElabelindent=\dimen113
\IEEEiednormlabelsep=\dimen114
\IEEEiedmathlabelsep=\dimen115
\IEEEiedtopsep=\skip41
\c@section=\count81
\c@subsection=\count82
\c@subsubsection=\count83
\c@paragraph=\count84
\c@IEEEsubequation=\count85
\abovecaptionskip=\skip42
\belowcaptionskip=\skip43
\c@figure=\count86
\c@table=\count87
\@IEEEeqnnumcols=\count88
\@IEEEeqncolcnt=\count89
\@IEEEtmpitemindent=\dimen116
\c@IEEEbiography=\count90
\@IEEEtranrubishbin=\box26
) (C:\miktex\tex\latex\graphics\graphicx.sty
Package: graphicx 1999/02/16 v1.0f Enhanced LaTeX Graphics (DPC,SPQR)

(C:\miktex\tex\latex\graphics\keyval.sty
Package: keyval 1999/03/16 v1.13 key=value parser (DPC)
\KV@toks@=\toks15
)
(C:\miktex\tex\latex\graphics\graphics.sty
Package: graphics 2009/02/05 v1.0o Standard LaTeX Graphics (DPC,SPQR)

(C:\miktex\tex\latex\graphics\trig.sty
Package: trig 1999/03/16 v1.09 sin cos tan (DPC)
)
(C:\miktex\tex\latex\00miktex\graphics.cfg
File: graphics.cfg 2007/01/18 v1.5 graphics configuration of teTeX/TeXLive
)
Package graphics Info: Driver file: pdftex.def on input line 91.

(C:\miktex\tex\latex\pdftex-def\pdftex.def
File: pdftex.def 2011/05/27 v0.06d Graphics/color for pdfTeX

(C:\miktex\tex\generic\oberdiek\infwarerr.sty
Package: infwarerr 2010/04/08 v1.3 Providing info/warning/error messages (HO)
)
(C:\miktex\tex\generic\oberdiek\ltxcmds.sty
Package: ltxcmds 2011/11/09 v1.22 LaTeX kernel commands for general use (HO)
)
\Gread@gobject=\count91
))
\Gin@req@height=\dimen117
\Gin@req@width=\dimen118
)
(C:\miktex\tex\latex\oberdiek\epstopdf.sty
Package: epstopdf 2010/02/09 v2.5 Conversion with epstopdf on the fly (HO)

(C:\miktex\tex\latex\oberdiek\epstopdf-base.sty
Package: epstopdf-base 2010/02/09 v2.5 Base part for package epstopdf

(C:\miktex\tex\latex\oberdiek\grfext.sty
Package: grfext 2010/08/19 v1.1 Manage graphics extensions (HO)

(C:\miktex\tex\generic\oberdiek\kvdefinekeys.sty
Package: kvdefinekeys 2011/04/07 v1.3 Define keys (HO)
))
(C:\miktex\tex\latex\oberdiek\kvoptions.sty
Package: kvoptions 2011/06/30 v3.11 Key value format for package options (HO)

(C:\miktex\tex\generic\oberdiek\kvsetkeys.sty
Package: kvsetkeys 2012/04/25 v1.16 Key value parser (HO)

(C:\miktex\tex\generic\oberdiek\etexcmds.sty
Package: etexcmds 2011/02/16 v1.5 Avoid name clashes with e-TeX commands (HO)

(C:\miktex\tex\generic\oberdiek\ifluatex.sty
Package: ifluatex 2010/03/01 v1.3 Provides the ifluatex switch (HO)
Package ifluatex Info: LuaTeX not detected.
)
Package etexcmds Info: Could not find \expanded.
(etexcmds)             That can mean that you are not using pdfTeX 1.50 or
(etexcmds)             that some package has redefined \expanded.
(etexcmds)             In the latter case, load this package earlier.
)))
(C:\miktex\tex\generic\oberdiek\pdftexcmds.sty
Package: pdftexcmds 2011/11/29 v0.20 Utility functions of pdfTeX for LuaTeX (HO
)

(C:\miktex\tex\generic\oberdiek\ifpdf.sty
Package: ifpdf 2011/01/30 v2.3 Provides the ifpdf switch (HO)
Package ifpdf Info: pdfTeX in PDF mode is detected.
)
Package pdftexcmds Info: LuaTeX not detected.
Package pdftexcmds Info: \pdf@primitive is available.
Package pdftexcmds Info: \pdf@ifprimitive is available.
Package pdftexcmds Info: \pdfdraftmode found.
)
Package grfext Info: Graphics extension search list:
(grfext)             [.png,.pdf,.jpg,.mps,.jpeg,.jbig2,.jb2,.PNG,.PDF,.JPG,.JPE
G,.JBIG2,.JB2,.eps]
(grfext)             \AppendGraphicsExtensions on input line 452.
))
(C:\Users\seeli1p\AppData\Roaming\MiKTeX\2.9\tex\latex\subfig\subfig.sty
Package: subfig 2005/06/28 ver: 1.3 subfig package

(C:\Users\seeli1p\AppData\Roaming\MiKTeX\2.9\tex\latex\caption\caption3.sty
Package: caption3 2011/08/18 v1.3b caption3 kernel (AR)
\captionmargin=\dimen119
\captionmargin@=\dimen120
\captionwidth=\dimen121
\caption@indent=\dimen122
\caption@parindent=\dimen123
\caption@hangindent=\dimen124
Package caption Info: Unknown document class (or package),
(caption)             standard defaults will be used.
)
\c@KVtest=\count92
\sf@farskip=\skip44
\sf@captopadj=\dimen125
\sf@capskip=\skip45
\sf@nearskip=\skip46
\c@subfigure=\count93
\c@subfigure@save=\count94
\c@lofdepth=\count95
\c@subtable=\count96
\c@subtable@save=\count97
\c@lotdepth=\count98
\sf@top=\skip47
\sf@bottom=\skip48
)
(C:\miktex\tex\latex\dblfloatfix\dblfloatfix.sty
Package: dblfloatfix 2012/12/31 v1.0a (JAW)

(C:\miktex\tex\latex\base\fixltx2e.sty
Package: fixltx2e 2006/09/13 v1.1m fixes to LaTeX
LaTeX Info: Redefining \em on input line 420.
)
\@dblbotnum=\count99
\c@dblbotnumber=\count100
) (C:\miktex\tex\latex\ulem\ulem.sty
\UL@box=\box27
\UL@hyphenbox=\box28
\UL@skip=\skip49
\UL@hook=\toks16
\UL@height=\dimen126
\UL@pe=\count101
\UL@pixel=\dimen127
\ULC@box=\box29
Package: ulem 2012/05/18
\ULdepth=\dimen128
)
(C:\miktex\tex\latex\url\url.sty
\Urlmuskip=\muskip10
Package: url 2006/04/12  ver 3.3  Verb mode for urls, etc.
)
("C:\Users\seeli1p\Box Sync\Publications\_submitted\Johnson_HTTPARCHIVE_COMMAG\
resubmission\jose_webpages_commag_v2_20140106_uline.aux")
LaTeX Font Info:    Checking defaults for OML/cmm/m/it on input line 32.
LaTeX Font Info:    ... okay on input line 32.
LaTeX Font Info:    Checking defaults for T1/cmr/m/n on input line 32.
LaTeX Font Info:    ... okay on input line 32.
LaTeX Font Info:    Checking defaults for OT1/cmr/m/n on input line 32.
LaTeX Font Info:    ... okay on input line 32.
LaTeX Font Info:    Checking defaults for OMS/cmsy/m/n on input line 32.
LaTeX Font Info:    ... okay on input line 32.
LaTeX Font Info:    Checking defaults for OMX/cmex/m/n on input line 32.
LaTeX Font Info:    ... okay on input line 32.
LaTeX Font Info:    Checking defaults for U/cmr/m/n on input line 32.
LaTeX Font Info:    ... okay on input line 32.

(C:\Users\seeli1p\AppData\Roaming\MiKTeX\2.9\tex\context\base\supp-pdf.mkii
[Loading MPS to PDF converter (version 2006.09.02).]
\scratchcounter=\count102
\scratchdimen=\dimen129
\scratchbox=\box30
\nofMPsegments=\count103
\nofMParguments=\count104
\everyMPshowfont=\toks17
\MPscratchCnt=\count105
\MPscratchDim=\dimen130
\MPnumerator=\count106
\makeMPintoPDFobject=\count107
\everyMPtoPDFconversion=\toks18
)
Package caption Info: Begin \AtBeginDocument code.
Package caption Info: subfig package 1.2 or 1.3 is loaded.
Package caption Info: End \AtBeginDocument code.
LaTeX Font Info:    Try loading font information for OT1+pcr on input line 33.
 (C:\miktex\tex\latex\psnfss\ot1pcr.fd
File: ot1pcr.fd 2001/06/04 font definitions for OT1/pcr.
)
LaTeX Font Info:    Try loading font information for OMS+ptm on input line 33.
 (C:\miktex\tex\latex\psnfss\omsptm.fd
File: omsptm.fd 
)
LaTeX Font Info:    Font shape `OMS/ptm/m/n' in size <9> not available
(Font)              Font shape `OMS/cmsy/m/n' tried instead on input line 33.
LaTeX Font Info:    External font `cmex10' loaded for size
(Font)              <12> on input line 45.
LaTeX Font Info:    External font `cmex10' loaded for size
(Font)              <8> on input line 45.
LaTeX Font Info:    External font `cmex10' loaded for size
(Font)              <6> on input line 45.
[1{C:/Users/seeli1p/AppData/Local/MiKTeX/2.9/pdftex/config/pdftex.map}]
[2]

pdfTeX warning: pdflatex (file C:/Users/seeli1p/Box Sync/Publications/_submitte
d/Johnson_HTTPARCHIVE_COMMAG/resubmission/figures/setup.pdf): PDF inclusion: fo
und PDF version <1.6>, but at most version <1.5> allowed
<./figures/setup.pdf, id=13, 365.19937pt x 102.13156pt>
File: ./figures/setup.pdf Graphic file (type pdf)

<use ./figures/setup.pdf>
Package pdftex.def Info: ./figures/setup.pdf used on input line 93.
(pdftex.def)             Requested size: 232.19843pt x 64.93697pt.
 [3 <C:/Users/seeli1p/Box Sync/Publications/_submitted/Johnson_HTTPARCHIVE_COMM
AG/resubmission/figures/setup.pdf>]
Package epstopdf Info: Source file: <./figures/theil/theil_reqs.eps>
(epstopdf)                    date: 2014-01-07 11:53:51
(epstopdf)                    size: 27110 bytes
(epstopdf)             Output file: <./figures/theil/theil_reqs-eps-converted-t
o.pdf>
(epstopdf)                    date: 2014-01-07 11:53:53
(epstopdf)                    size: 9733 bytes
(epstopdf)             Command: <epstopdf --outfile=./figures/theil/theil_reqs-
eps-converted-to.pdf ./figures/theil/theil_reqs.eps>
(epstopdf)             \includegraphics on input line 127.
Package epstopdf Info: Output file is already uptodate.

<./figures/theil/theil_reqs-eps-converted-to.pdf, id=36, 505.89pt x 722.7pt>
File: ./figures/theil/theil_reqs-eps-converted-to.pdf Graphic file (type pdf)

<use ./figures/theil/theil_reqs-eps-converted-to.pdf>
Package pdftex.def Info: ./figures/theil/theil_reqs-eps-converted-to.pdf used o
n input line 127.
(pdftex.def)             Requested size: 505.88875pt x 722.69823pt.
Package epstopdf Info: Source file: <./figures/theil/theil_bytes.eps>
(epstopdf)                    date: 2014-01-07 11:53:51
(epstopdf)                    size: 26452 bytes
(epstopdf)             Output file: <./figures/theil/theil_bytes-eps-converted-
to.pdf>
(epstopdf)                    date: 2014-01-07 11:53:54
(epstopdf)                    size: 9685 bytes
(epstopdf)             Command: <epstopdf --outfile=./figures/theil/theil_bytes
-eps-converted-to.pdf ./figures/theil/theil_bytes.eps>
(epstopdf)             \includegraphics on input line 128.
Package epstopdf Info: Output file is already uptodate.

<./figures/theil/theil_bytes-eps-converted-to.pdf, id=37, 505.89pt x 722.7pt>
File: ./figures/theil/theil_bytes-eps-converted-to.pdf Graphic file (type pdf)

<use ./figures/theil/theil_bytes-eps-converted-to.pdf>
Package pdftex.def Info: ./figures/theil/theil_bytes-eps-converted-to.pdf used 
on input line 128.
(pdftex.def)             Requested size: 505.88875pt x 722.69823pt.
 [4]
Package epstopdf Info: Source file: <./figures/requests_total/totalRequests_all
.eps>
(epstopdf)                    date: 2014-01-02 10:07:34
(epstopdf)                    size: 26218 bytes
(epstopdf)             Output file: <./figures/requests_total/totalRequests_all
-eps-converted-to.pdf>
(epstopdf)                    date: 2014-01-02 15:34:46
(epstopdf)                    size: 9834 bytes
(epstopdf)             Command: <epstopdf --outfile=./figures/requests_total/to
talRequests_all-eps-converted-to.pdf ./figures/requests_total/totalRequests_all
.eps>
(epstopdf)             \includegraphics on input line 149.
Package epstopdf Info: Output file is already uptodate.

<./figures/requests_total/totalRequests_all-eps-converted-to.pdf, id=41, 505.89
pt x 722.7pt>
File: ./figures/requests_total/totalRequests_all-eps-converted-to.pdf Graphic f
ile (type pdf)

<use ./figures/requests_total/totalRequests_all-eps-converted-to.pdf>
Package pdftex.def Info: ./figures/requests_total/totalRequests_all-eps-convert
ed-to.pdf used on input line 149.
(pdftex.def)             Requested size: 505.88875pt x 722.69823pt.
Package epstopdf Info: Source file: <./figures/requests_by_type/req_by_type_fix
ed_all.eps>
(epstopdf)                    date: 2014-01-02 15:29:34
(epstopdf)                    size: 28046 bytes
(epstopdf)             Output file: <./figures/requests_by_type/req_by_type_fix
ed_all-eps-converted-to.pdf>
(epstopdf)                    date: 2014-01-02 15:33:07
(epstopdf)                    size: 10396 bytes
(epstopdf)             Command: <epstopdf --outfile=./figures/requests_by_type/
req_by_type_fixed_all-eps-converted-to.pdf ./figures/requests_by_type/req_by_ty
pe_fixed_all.eps>
(epstopdf)             \includegraphics on input line 151.
Package epstopdf Info: Output file is already uptodate.

<./figures/requests_by_type/req_by_type_fixed_all-eps-converted-to.pdf, id=42, 
505.89pt x 722.7pt>
File: ./figures/requests_by_type/req_by_type_fixed_all-eps-converted-to.pdf Gra
phic file (type pdf)

<use ./figures/requests_by_type/req_by_type_fixed_all-eps-converted-to.pdf>
Package pdftex.def Info: ./figures/requests_by_type/req_by_type_fixed_all-eps-c
onverted-to.pdf used on input line 151.
(pdftex.def)             Requested size: 505.88875pt x 722.69823pt.
Package epstopdf Info: Source file: <./figures/requests_by_type/req_by_type_mob
ile_all.eps>
(epstopdf)                    date: 2014-01-02 15:29:34
(epstopdf)                    size: 28292 bytes
(epstopdf)             Output file: <./figures/requests_by_type/req_by_type_mob
ile_all-eps-converted-to.pdf>
(epstopdf)                    date: 2014-01-02 15:33:07
(epstopdf)                    size: 10385 bytes
(epstopdf)             Command: <epstopdf --outfile=./figures/requests_by_type/
req_by_type_mobile_all-eps-converted-to.pdf ./figures/requests_by_type/req_by_t
ype_mobile_all.eps>
(epstopdf)             \includegraphics on input line 153.
Package epstopdf Info: Output file is already uptodate.

<./figures/requests_by_type/req_by_type_mobile_all-eps-converted-to.pdf, id=43,
 505.89pt x 722.7pt>
File: ./figures/requests_by_type/req_by_type_mobile_all-eps-converted-to.pdf Gr
aphic file (type pdf)

<use ./figures/requests_by_type/req_by_type_mobile_all-eps-converted-to.pdf>
Package pdftex.def Info: ./figures/requests_by_type/req_by_type_mobile_all-eps-
converted-to.pdf used on input line 153.
(pdftex.def)             Requested size: 505.88875pt x 722.69823pt.

[5 <C:/Users/seeli1p/Box Sync/Publications/_submitted/Johnson_HTTPARCHIVE_COMMA
G/resubmission/figures/theil/theil_reqs-eps-converted-to.pdf> <C:/Users/seeli1p
/Box Sync/Publications/_submitted/Johnson_HTTPARCHIVE_COMMAG/resubmission/figur
es/theil/theil_bytes-eps-converted-to.pdf>] [6 <C:/Users/seeli1p/Box Sync/Publi
cations/_submitted/Johnson_HTTPARCHIVE_COMMAG/resubmission/figures/requests_tot
al/totalRequests_all-eps-converted-to.pdf> <C:/Users/seeli1p/Box Sync/Publicati
ons/_submitted/Johnson_HTTPARCHIVE_COMMAG/resubmission/figures/requests_by_type
/req_by_type_fixed_all-eps-converted-to.pdf> <C:/Users/seeli1p/Box Sync/Publica
tions/_submitted/Johnson_HTTPARCHIVE_COMMAG/resubmission/figures/requests_by_ty
pe/req_by_type_mobile_all-eps-converted-to.pdf>]
Package epstopdf Info: Source file: <./figures/bytes_total/bytes_total_all.eps>

(epstopdf)                    date: 2014-01-02 10:24:27
(epstopdf)                    size: 26725 bytes
(epstopdf)             Output file: <./figures/bytes_total/bytes_total_all-eps-
converted-to.pdf>
(epstopdf)                    date: 2014-01-02 15:47:23
(epstopdf)                    size: 9883 bytes
(epstopdf)             Command: <epstopdf --outfile=./figures/bytes_total/bytes
_total_all-eps-converted-to.pdf ./figures/bytes_total/bytes_total_all.eps>
(epstopdf)             \includegraphics on input line 191.
Package epstopdf Info: Output file is already uptodate.

<./figures/bytes_total/bytes_total_all-eps-converted-to.pdf, id=65, 505.89pt x 
722.7pt>
File: ./figures/bytes_total/bytes_total_all-eps-converted-to.pdf Graphic file (
type pdf)
 <use ./figures/bytes_total/bytes_total_all-eps-converted-to.pdf>
Package pdftex.def Info: ./figures/bytes_total/bytes_total_all-eps-converted-to
.pdf used on input line 191.
(pdftex.def)             Requested size: 505.88875pt x 722.69823pt.
Package epstopdf Info: Source file: <./figures/bytes_by_type/bytes_by_type_fixe
d_all.eps>
(epstopdf)                    date: 2014-01-02 15:52:11
(epstopdf)                    size: 28400 bytes
(epstopdf)             Output file: <./figures/bytes_by_type/bytes_by_type_fixe
d_all-eps-converted-to.pdf>
(epstopdf)                    date: 2014-01-02 15:53:08
(epstopdf)                    size: 10431 bytes
(epstopdf)             Command: <epstopdf --outfile=./figures/bytes_by_type/byt
es_by_type_fixed_all-eps-converted-to.pdf ./figures/bytes_by_type/bytes_by_type
_fixed_all.eps>
(epstopdf)             \includegraphics on input line 192.
Package epstopdf Info: Output file is already uptodate.

<./figures/bytes_by_type/bytes_by_type_fixed_all-eps-converted-to.pdf, id=66, 5
05.89pt x 722.7pt>
File: ./figures/bytes_by_type/bytes_by_type_fixed_all-eps-converted-to.pdf Grap
hic file (type pdf)

<use ./figures/bytes_by_type/bytes_by_type_fixed_all-eps-converted-to.pdf>
Package pdftex.def Info: ./figures/bytes_by_type/bytes_by_type_fixed_all-eps-co
nverted-to.pdf used on input line 192.
(pdftex.def)             Requested size: 505.88875pt x 722.69823pt.
Package epstopdf Info: Source file: <./figures/bytes_by_type/bytes_by_type_fixe
d.eps>
(epstopdf)                    date: 2014-01-02 15:52:11
(epstopdf)                    size: 28328 bytes
(epstopdf)             Output file: <./figures/bytes_by_type/bytes_by_type_fixe
d-eps-converted-to.pdf>
(epstopdf)                    date: 2014-01-03 09:35:29
(epstopdf)                    size: 10530 bytes
(epstopdf)             Command: <epstopdf --outfile=./figures/bytes_by_type/byt
es_by_type_fixed-eps-converted-to.pdf ./figures/bytes_by_type/bytes_by_type_fix
ed.eps>
(epstopdf)             \includegraphics on input line 193.
Package epstopdf Info: Output file is already uptodate.

<./figures/bytes_by_type/bytes_by_type_fixed-eps-converted-to.pdf, id=67, 505.8
9pt x 722.7pt>
File: ./figures/bytes_by_type/bytes_by_type_fixed-eps-converted-to.pdf Graphic 
file (type pdf)

<use ./figures/bytes_by_type/bytes_by_type_fixed-eps-converted-to.pdf>
Package pdftex.def Info: ./figures/bytes_by_type/bytes_by_type_fixed-eps-conver
ted-to.pdf used on input line 193.
(pdftex.def)             Requested size: 505.88875pt x 722.69823pt.
Package epstopdf Info: Source file: <./figures/bytes_by_type/bytes_by_type_mobi
le_all.eps>
(epstopdf)                    date: 2014-01-02 15:52:11
(epstopdf)                    size: 27668 bytes
(epstopdf)             Output file: <./figures/bytes_by_type/bytes_by_type_mobi
le_all-eps-converted-to.pdf>
(epstopdf)                    date: 2014-01-02 15:53:10
(epstopdf)                    size: 10368 bytes
(epstopdf)             Command: <epstopdf --outfile=./figures/bytes_by_type/byt
es_by_type_mobile_all-eps-converted-to.pdf ./figures/bytes_by_type/bytes_by_typ
e_mobile_all.eps>
(epstopdf)             \includegraphics on input line 194.
Package epstopdf Info: Output file is already uptodate.

<./figures/bytes_by_type/bytes_by_type_mobile_all-eps-converted-to.pdf, id=68, 
505.89pt x 722.7pt>
File: ./figures/bytes_by_type/bytes_by_type_mobile_all-eps-converted-to.pdf Gra
phic file (type pdf)

<use ./figures/bytes_by_type/bytes_by_type_mobile_all-eps-converted-to.pdf>
Package pdftex.def Info: ./figures/bytes_by_type/bytes_by_type_mobile_all-eps-c
onverted-to.pdf used on input line 194.
(pdftex.def)             Requested size: 505.88875pt x 722.69823pt.

[7] [8 <C:/Users/seeli1p/Box Sync/Publications/_submitted/Johnson_HTTPARCHIVE_C
OMMAG/resubmission/figures/bytes_total/bytes_total_all-eps-converted-to.pdf> <C
:/Users/seeli1p/Box Sync/Publications/_submitted/Johnson_HTTPARCHIVE_COMMAG/res
ubmission/figures/bytes_by_type/bytes_by_type_fixed_all-eps-converted-to.pdf> <
C:/Users/seeli1p/Box Sync/Publications/_submitted/Johnson_HTTPARCHIVE_COMMAG/re
submission/figures/bytes_by_type/bytes_by_type_fixed-eps-converted-to.pdf> <C:/
Users/seeli1p/Box Sync/Publications/_submitted/Johnson_HTTPARCHIVE_COMMAG/resub
mission/figures/bytes_by_type/bytes_by_type_mobile_all-eps-converted-to.pdf>]
Package epstopdf Info: Source file: <./figures/bytes_per_request_total/bpr_all.
eps>
(epstopdf)                    date: 2014-01-02 10:26:31
(epstopdf)                    size: 26428 bytes
(epstopdf)             Output file: <./figures/bytes_per_request_total/bpr_all-
eps-converted-to.pdf>
(epstopdf)                    date: 2014-01-02 15:48:40
(epstopdf)                    size: 9943 bytes
(epstopdf)             Command: <epstopdf --outfile=./figures/bytes_per_request
_total/bpr_all-eps-converted-to.pdf ./figures/bytes_per_request_total/bpr_all.e
ps>
(epstopdf)             \includegraphics on input line 231.
Package epstopdf Info: Output file is already uptodate.

<./figures/bytes_per_request_total/bpr_all-eps-converted-to.pdf, id=88, 505.89p
t x 722.7pt>
File: ./figures/bytes_per_request_total/bpr_all-eps-converted-to.pdf Graphic fi
le (type pdf)

<use ./figures/bytes_per_request_total/bpr_all-eps-converted-to.pdf>
Package pdftex.def Info: ./figures/bytes_per_request_total/bpr_all-eps-converte
d-to.pdf used on input line 231.
(pdftex.def)             Requested size: 505.88875pt x 722.69823pt.
Package epstopdf Info: Source file: <./figures/bytes_per_request_by_type/bpr_by
_type_fixed_all.eps>
(epstopdf)                    date: 2014-01-02 16:05:50
(epstopdf)                    size: 28115 bytes
(epstopdf)             Output file: <./figures/bytes_per_request_by_type/bpr_by
_type_fixed_all-eps-converted-to.pdf>
(epstopdf)                    date: 2014-01-02 16:06:56
(epstopdf)                    size: 10527 bytes
(epstopdf)             Command: <epstopdf --outfile=./figures/bytes_per_request
_by_type/bpr_by_type_fixed_all-eps-converted-to.pdf ./figures/bytes_per_request
_by_type/bpr_by_type_fixed_all.eps>
(epstopdf)             \includegraphics on input line 232.
Package epstopdf Info: Output file is already uptodate.

<./figures/bytes_per_request_by_type/bpr_by_type_fixed_all-eps-converted-to.pdf
, id=89, 505.89pt x 722.7pt>
File: ./figures/bytes_per_request_by_type/bpr_by_type_fixed_all-eps-converted-t
o.pdf Graphic file (type pdf)

<use ./figures/bytes_per_request_by_type/bpr_by_type_fixed_all-eps-converted-to
.pdf>
Package pdftex.def Info: ./figures/bytes_per_request_by_type/bpr_by_type_fixed_
all-eps-converted-to.pdf used on input line 232.
(pdftex.def)             Requested size: 505.88875pt x 722.69823pt.
Package epstopdf Info: Source file: <./figures/bytes_per_request_by_type/bpr_by
_type_mobile_all.eps>
(epstopdf)                    date: 2014-01-02 16:05:50
(epstopdf)                    size: 28514 bytes
(epstopdf)             Output file: <./figures/bytes_per_request_by_type/bpr_by
_type_mobile_all-eps-converted-to.pdf>
(epstopdf)                    date: 2014-01-02 16:06:58
(epstopdf)                    size: 10671 bytes
(epstopdf)             Command: <epstopdf --outfile=./figures/bytes_per_request
_by_type/bpr_by_type_mobile_all-eps-converted-to.pdf ./figures/bytes_per_reques
t_by_type/bpr_by_type_mobile_all.eps>
(epstopdf)             \includegraphics on input line 234.
Package epstopdf Info: Output file is already uptodate.

<./figures/bytes_per_request_by_type/bpr_by_type_mobile_all-eps-converted-to.pd
f, id=90, 505.89pt x 722.7pt>
File: ./figures/bytes_per_request_by_type/bpr_by_type_mobile_all-eps-converted-
to.pdf Graphic file (type pdf)

<use ./figures/bytes_per_request_by_type/bpr_by_type_mobile_all-eps-converted-t
o.pdf>
Package pdftex.def Info: ./figures/bytes_per_request_by_type/bpr_by_type_mobile
_all-eps-converted-to.pdf used on input line 234.
(pdftex.def)             Requested size: 505.88875pt x 722.69823pt.
 [9] [10 <C:/Users/seeli1p/Box Sync/Publications/_submitted/Johnson_HTTPARCHIVE
_COMMAG/resubmission/figures/bytes_per_request_total/bpr_all-eps-converted-to.p
df> <C:/Users/seeli1p/Box Sync/Publications/_submitted/Johnson_HTTPARCHIVE_COMM
AG/resubmission/figures/bytes_per_request_by_type/bpr_by_type_fixed_all-eps-con
verted-to.pdf> <C:/Users/seeli1p/Box Sync/Publications/_submitted/Johnson_HTTPA
RCHIVE_COMMAG/resubmission/figures/bytes_per_request_by_type/bpr_by_type_mobile
_all-eps-converted-to.pdf>]
Package epstopdf Info: Source file: <./figures/cache/cache_fix_all.eps>
(epstopdf)                    date: 2014-01-03 14:46:52
(epstopdf)                    size: 27972 bytes
(epstopdf)             Output file: <./figures/cache/cache_fix_all-eps-converte
d-to.pdf>
(epstopdf)                    date: 2014-01-03 15:20:39
(epstopdf)                    size: 10524 bytes
(epstopdf)             Command: <epstopdf --outfile=./figures/cache/cache_fix_a
ll-eps-converted-to.pdf ./figures/cache/cache_fix_all.eps>
(epstopdf)             \includegraphics on input line 266.
Package epstopdf Info: Output file is already uptodate.

<./figures/cache/cache_fix_all-eps-converted-to.pdf, id=106, 505.89pt x 722.7pt
>
File: ./figures/cache/cache_fix_all-eps-converted-to.pdf Graphic file (type pdf
)
 <use ./figures/cache/cache_fix_all-eps-converted-to.pdf>
Package pdftex.def Info: ./figures/cache/cache_fix_all-eps-converted-to.pdf use
d on input line 266.
(pdftex.def)             Requested size: 505.88875pt x 722.69823pt.
Package epstopdf Info: Source file: <./figures/cache/cache_mob_all.eps>
(epstopdf)                    date: 2014-01-03 14:46:52
(epstopdf)                    size: 27967 bytes
(epstopdf)             Output file: <./figures/cache/cache_mob_all-eps-converte
d-to.pdf>
(epstopdf)                    date: 2014-01-03 15:20:41
(epstopdf)                    size: 10437 bytes
(epstopdf)             Command: <epstopdf --outfile=./figures/cache/cache_mob_a
ll-eps-converted-to.pdf ./figures/cache/cache_mob_all.eps>
(epstopdf)             \includegraphics on input line 267.
Package epstopdf Info: Output file is already uptodate.

<./figures/cache/cache_mob_all-eps-converted-to.pdf, id=107, 505.89pt x 722.7pt
>
File: ./figures/cache/cache_mob_all-eps-converted-to.pdf Graphic file (type pdf
)
 <use ./figures/cache/cache_mob_all-eps-converted-to.pdf>
Package pdftex.def Info: ./figures/cache/cache_mob_all-eps-converted-to.pdf use
d on input line 267.
(pdftex.def)             Requested size: 505.88875pt x 722.69823pt.
 [11 <C:/Users/seeli1p/Box Sync/Publications/_submitted/Johnson_HTTPARCHIVE_COM
MAG/resubmission/figures/cache/cache_fix_all-eps-converted-to.pdf> <C:/Users/se
eli1p/Box Sync/Publications/_submitted/Johnson_HTTPARCHIVE_COMMAG/resubmission/
figures/cache/cache_mob_all-eps-converted-to.pdf>] [12] [13]
LaTeX Font Info:    External font `cmex10' loaded for size
(Font)              <9> on input line 390.
LaTeX Font Info:    External font `cmex10' loaded for size
(Font)              <5> on input line 390.
Missing character: There is no â in font ptmr7t!
Missing character: There is no € in font ptmr7t!
Missing character: There is no “ in font ptmr7t!
 [14]
("C:\Users\seeli1p\Box Sync\Publications\_submitted\Johnson_HTTPARCHIVE_COMMAG\
resubmission\jose_webpages_commag_v2_20140106_uline.aux") ) 
Here is how much of TeX's memory you used:
 3270 strings out of 493921
 55606 string characters out of 3154494
 139663 words of memory out of 3000000
 6492 multiletter control sequences out of 15000+200000
 38443 words of font info for 76 fonts, out of 3000000 for 9000
 841 hyphenation exceptions out of 8191
 42i,10n,46p,520b,336s stack positions out of 5000i,500n,10000p,200000b,50000s
{C:/miktex/fonts/enc
/dvips/fontname/8r.enc}<C:/miktex/fonts/type1/public/amsfonts/cm/cmmi12.pfb><C:
/miktex/fonts/type1/public/amsfonts/cm/cmsy9.pfb><C:/miktex/fonts/type1/urw/cou
rier/ucrr8a.pfb><C:/miktex/fonts/type1/urw/times/utmb8a.pfb><C:/miktex/fonts/ty
pe1/urw/times/utmr8a.pfb><C:/miktex/fonts/type1/urw/times/utmri8a.pfb>
Output written on jose_webpages_commag_v2_20140106_uline.pdf (14 pages, 321004 
bytes).
PDF statistics:
 148 PDF objects out of 1000 (max. 8388607)
 0 named destinations out of 1000 (max. 500000)
 76 words of extra memory for PDF output out of 10000 (max. 10000000)

